Fri 22 Sep 2017 22:57:51, operations.getNewsSummariesForUser, 544 ms, event_name : news_list_request, user_id : qq@qq.com, user_ip : ::1
Fri 22 Sep 2017 22:57:54, operations.getNewsSummariesForUser, 15 ms, event_name : news_list_request, user_id : qq@qq.com, user_ip : ::1
Fri 22 Sep 2017 22:57:56, Read empty data, calling disconnect
Fri 22 Sep 2017 22:57:56, Socket closed when connection was open
Fri 22 Sep 2017 22:57:56, Disconnected from RabbitMQ at donkey.rmq.cloudamqp.com:5672 (0): Not specified
Fri 22 Sep 2017 22:57:56, Connection close detected
Fri 22 Sep 2017 22:57:56, JsonRpcError(-32603): Internal JSON-RPC error. -- Traceback (most recent call last):
  File "/home/yuyu/.local/lib/python2.7/site-packages/pyjsonrpc/rpclib.py", line 114, in call
    result = rpc_function(*positional_params, **named_params)
  File "service.py", line 44, in logNewsClickForUser
    return operations.logNewsClickForUser(user_id, news_id, user_ip)
  File "/home/yuyu/bittigercs503-1703-llliuyu/week10/backend_server/operations.py", line 92, in logNewsClickForUser
    cloudAMQP_client.sendMessage(message)
  File "/home/yuyu/bittigercs503-1703-llliuyu/week10/backend_server/../common/cloudAMQP_client.py", line 24, in sendMessage
    queue = self.channel.queue_declare(self.queue_name)
  File "/home/yuyu/.local/lib/python2.7/site-packages/pika/adapters/blocking_connection.py", line 2329, in queue_declare
    self._flush_output(declare_ok_result.is_ready)
  File "/home/yuyu/.local/lib/python2.7/site-packages/pika/adapters/blocking_connection.py", line 1174, in _flush_output
    *waiters)
  File "/home/yuyu/.local/lib/python2.7/site-packages/pika/adapters/blocking_connection.py", line 426, in _flush_output
    raise exceptions.ConnectionClosed()
ConnectionClosed

Fri 22 Sep 2017 22:58:32, JsonRpcError(-32603): 'NoneType' object has no attribute 'send' -- Traceback (most recent call last):
  File "/home/yuyu/.local/lib/python2.7/site-packages/pyjsonrpc/rpclib.py", line 114, in call
    result = rpc_function(*positional_params, **named_params)
  File "service.py", line 44, in logNewsClickForUser
    return operations.logNewsClickForUser(user_id, news_id, user_ip)
  File "/home/yuyu/bittigercs503-1703-llliuyu/week10/backend_server/operations.py", line 92, in logNewsClickForUser
    cloudAMQP_client.sendMessage(message)
  File "/home/yuyu/bittigercs503-1703-llliuyu/week10/backend_server/../common/cloudAMQP_client.py", line 22, in sendMessage
    body=json.dumps(message))
  File "/home/yuyu/.local/lib/python2.7/site-packages/pika/adapters/blocking_connection.py", line 1978, in basic_publish
    mandatory, immediate)
  File "/home/yuyu/.local/lib/python2.7/site-packages/pika/adapters/blocking_connection.py", line 2064, in publish
    immediate=immediate)
  File "/home/yuyu/.local/lib/python2.7/site-packages/pika/channel.py", line 338, in basic_publish
    (properties, body))
  File "/home/yuyu/.local/lib/python2.7/site-packages/pika/channel.py", line 1150, in _send_method
    self.connection._send_method(self.channel_number, method_frame, content)
  File "/home/yuyu/.local/lib/python2.7/site-packages/pika/connection.py", line 1571, in _send_method
    self._send_message(channel_number, method_frame, content)
  File "/home/yuyu/.local/lib/python2.7/site-packages/pika/connection.py", line 1601, in _send_message
    self._flush_outbound()
  File "/home/yuyu/.local/lib/python2.7/site-packages/pika/adapters/base_connection.py", line 282, in _flush_outbound
    self._handle_write()
  File "/home/yuyu/.local/lib/python2.7/site-packages/pika/adapters/base_connection.py", line 427, in _handle_write
    bw = self.socket.send(frame)
AttributeError: 'NoneType' object has no attribute 'send'

Fri 22 Sep 2017 22:58:42, operations.getNewsSummariesForUser, 19 ms, event_name : news_list_request, user_id : qq@qq.com, user_ip : ::1
Fri 22 Sep 2017 22:58:45, operations.getNewsSummariesForUser, 13 ms, event_name : news_list_request, user_id : qq@qq.com, user_ip : ::1
Fri 22 Sep 2017 22:58:49, operations.getNewsSummariesForUser, 18 ms, event_name : news_list_request, user_id : qq@qq.com, user_ip : ::1
Fri 22 Sep 2017 22:58:52, operations.getNewsSummariesForUser, 39 ms, event_name : news_list_request, user_id : qq@qq.com, user_ip : ::1
Fri 22 Sep 2017 22:59:13, operations.getNewsSummariesForUser, 15 ms, event_name : news_list_request, user_id : qq@qq.com, user_ip : ::1
Fri 22 Sep 2017 22:59:16, operations.getNewsSummariesForUser, 13 ms, event_name : news_list_request, user_id : qq@qq.com, user_ip : ::1
Fri 22 Sep 2017 22:59:19, operations.getNewsSummariesForUser, 16 ms, event_name : news_list_request, user_id : qq@qq.com, user_ip : ::1
Fri 22 Sep 2017 22:59:21, JsonRpcError(-32603): 'NoneType' object has no attribute 'send' -- Traceback (most recent call last):
  File "/home/yuyu/.local/lib/python2.7/site-packages/pyjsonrpc/rpclib.py", line 114, in call
    result = rpc_function(*positional_params, **named_params)
  File "service.py", line 44, in logNewsClickForUser
    return operations.logNewsClickForUser(user_id, news_id, user_ip)
  File "/home/yuyu/bittigercs503-1703-llliuyu/week10/backend_server/operations.py", line 92, in logNewsClickForUser
    cloudAMQP_client.sendMessage(message)
  File "/home/yuyu/bittigercs503-1703-llliuyu/week10/backend_server/../common/cloudAMQP_client.py", line 22, in sendMessage
    body=json.dumps(message))
  File "/home/yuyu/.local/lib/python2.7/site-packages/pika/adapters/blocking_connection.py", line 1978, in basic_publish
    mandatory, immediate)
  File "/home/yuyu/.local/lib/python2.7/site-packages/pika/adapters/blocking_connection.py", line 2064, in publish
    immediate=immediate)
  File "/home/yuyu/.local/lib/python2.7/site-packages/pika/channel.py", line 338, in basic_publish
    (properties, body))
  File "/home/yuyu/.local/lib/python2.7/site-packages/pika/channel.py", line 1150, in _send_method
    self.connection._send_method(self.channel_number, method_frame, content)
  File "/home/yuyu/.local/lib/python2.7/site-packages/pika/connection.py", line 1571, in _send_method
    self._send_message(channel_number, method_frame, content)
  File "/home/yuyu/.local/lib/python2.7/site-packages/pika/connection.py", line 1601, in _send_message
    self._flush_outbound()
  File "/home/yuyu/.local/lib/python2.7/site-packages/pika/adapters/base_connection.py", line 282, in _flush_outbound
    self._handle_write()
  File "/home/yuyu/.local/lib/python2.7/site-packages/pika/adapters/base_connection.py", line 427, in _handle_write
    bw = self.socket.send(frame)
AttributeError: 'NoneType' object has no attribute 'send'

Fri 22 Sep 2017 22:59:28, JsonRpcError(-32603): 'NoneType' object has no attribute 'send' -- Traceback (most recent call last):
  File "/home/yuyu/.local/lib/python2.7/site-packages/pyjsonrpc/rpclib.py", line 114, in call
    result = rpc_function(*positional_params, **named_params)
  File "service.py", line 44, in logNewsClickForUser
    return operations.logNewsClickForUser(user_id, news_id, user_ip)
  File "/home/yuyu/bittigercs503-1703-llliuyu/week10/backend_server/operations.py", line 92, in logNewsClickForUser
    cloudAMQP_client.sendMessage(message)
  File "/home/yuyu/bittigercs503-1703-llliuyu/week10/backend_server/../common/cloudAMQP_client.py", line 22, in sendMessage
    body=json.dumps(message))
  File "/home/yuyu/.local/lib/python2.7/site-packages/pika/adapters/blocking_connection.py", line 1978, in basic_publish
    mandatory, immediate)
  File "/home/yuyu/.local/lib/python2.7/site-packages/pika/adapters/blocking_connection.py", line 2064, in publish
    immediate=immediate)
  File "/home/yuyu/.local/lib/python2.7/site-packages/pika/channel.py", line 338, in basic_publish
    (properties, body))
  File "/home/yuyu/.local/lib/python2.7/site-packages/pika/channel.py", line 1150, in _send_method
    self.connection._send_method(self.channel_number, method_frame, content)
  File "/home/yuyu/.local/lib/python2.7/site-packages/pika/connection.py", line 1571, in _send_method
    self._send_message(channel_number, method_frame, content)
  File "/home/yuyu/.local/lib/python2.7/site-packages/pika/connection.py", line 1601, in _send_message
    self._flush_outbound()
  File "/home/yuyu/.local/lib/python2.7/site-packages/pika/adapters/base_connection.py", line 282, in _flush_outbound
    self._handle_write()
  File "/home/yuyu/.local/lib/python2.7/site-packages/pika/adapters/base_connection.py", line 427, in _handle_write
    bw = self.socket.send(frame)
AttributeError: 'NoneType' object has no attribute 'send'

Fri 22 Sep 2017 22:59:36, operations.getNewsSummariesForUser, 13 ms, event_name : news_list_request, user_id : qq@qq.com, user_ip : ::1
Fri 22 Sep 2017 22:59:39, operations.getNewsSummariesForUser, 14 ms, event_name : news_list_request, user_id : qq@qq.com, user_ip : ::1
Fri 22 Sep 2017 22:59:42, operations.getNewsSummariesForUser, 14 ms, event_name : news_list_request, user_id : qq@qq.com, user_ip : ::1
Fri 22 Sep 2017 22:59:46, operations.getNewsSummariesForUser, 13 ms, event_name : news_list_request, user_id : qq@qq.com, user_ip : ::1
Fri 22 Sep 2017 22:59:47, operations.getNewsSummariesForUser, 13 ms, event_name : news_list_request, user_id : qq@qq.com, user_ip : ::1
Fri 22 Sep 2017 23:01:21, JsonRpcError(-32603): 'NoneType' object has no attribute 'send' -- Traceback (most recent call last):
  File "/home/yuyu/.local/lib/python2.7/site-packages/pyjsonrpc/rpclib.py", line 114, in call
    result = rpc_function(*positional_params, **named_params)
  File "service.py", line 44, in logNewsClickForUser
    return operations.logNewsClickForUser(user_id, news_id, user_ip)
  File "/home/yuyu/bittigercs503-1703-llliuyu/week10/backend_server/operations.py", line 92, in logNewsClickForUser
    cloudAMQP_client.sendMessage(message)
  File "/home/yuyu/bittigercs503-1703-llliuyu/week10/backend_server/../common/cloudAMQP_client.py", line 22, in sendMessage
    body=json.dumps(message))
  File "/home/yuyu/.local/lib/python2.7/site-packages/pika/adapters/blocking_connection.py", line 1978, in basic_publish
    mandatory, immediate)
  File "/home/yuyu/.local/lib/python2.7/site-packages/pika/adapters/blocking_connection.py", line 2064, in publish
    immediate=immediate)
  File "/home/yuyu/.local/lib/python2.7/site-packages/pika/channel.py", line 338, in basic_publish
    (properties, body))
  File "/home/yuyu/.local/lib/python2.7/site-packages/pika/channel.py", line 1150, in _send_method
    self.connection._send_method(self.channel_number, method_frame, content)
  File "/home/yuyu/.local/lib/python2.7/site-packages/pika/connection.py", line 1571, in _send_method
    self._send_message(channel_number, method_frame, content)
  File "/home/yuyu/.local/lib/python2.7/site-packages/pika/connection.py", line 1601, in _send_message
    self._flush_outbound()
  File "/home/yuyu/.local/lib/python2.7/site-packages/pika/adapters/base_connection.py", line 282, in _flush_outbound
    self._handle_write()
  File "/home/yuyu/.local/lib/python2.7/site-packages/pika/adapters/base_connection.py", line 427, in _handle_write
    bw = self.socket.send(frame)
AttributeError: 'NoneType' object has no attribute 'send'

Fri 22 Sep 2017 23:01:49, operations.getNewsSummariesForUser, 56 ms, event_name : news_list_request, user_id : qq@qq.com, user_ip : ::1
Fri 22 Sep 2017 23:02:01, operations.getNewsSummariesForUser, 8 ms, event_name : news_list_request, user_id : qq@qq.com, user_ip : ::1
Fri 22 Sep 2017 23:02:04, operations.getNewsSummariesForUser, 13 ms, event_name : news_list_request, user_id : qq@qq.com, user_ip : ::1
Fri 22 Sep 2017 23:02:06, JsonRpcError(-32603): 'NoneType' object has no attribute 'send' -- Traceback (most recent call last):
  File "/home/yuyu/.local/lib/python2.7/site-packages/pyjsonrpc/rpclib.py", line 114, in call
    result = rpc_function(*positional_params, **named_params)
  File "service.py", line 44, in logNewsClickForUser
    return operations.logNewsClickForUser(user_id, news_id, user_ip)
  File "/home/yuyu/bittigercs503-1703-llliuyu/week10/backend_server/operations.py", line 92, in logNewsClickForUser
    cloudAMQP_client.sendMessage(message)
  File "/home/yuyu/bittigercs503-1703-llliuyu/week10/backend_server/../common/cloudAMQP_client.py", line 22, in sendMessage
    body=json.dumps(message))
  File "/home/yuyu/.local/lib/python2.7/site-packages/pika/adapters/blocking_connection.py", line 1978, in basic_publish
    mandatory, immediate)
  File "/home/yuyu/.local/lib/python2.7/site-packages/pika/adapters/blocking_connection.py", line 2064, in publish
    immediate=immediate)
  File "/home/yuyu/.local/lib/python2.7/site-packages/pika/channel.py", line 338, in basic_publish
    (properties, body))
  File "/home/yuyu/.local/lib/python2.7/site-packages/pika/channel.py", line 1150, in _send_method
    self.connection._send_method(self.channel_number, method_frame, content)
  File "/home/yuyu/.local/lib/python2.7/site-packages/pika/connection.py", line 1571, in _send_method
    self._send_message(channel_number, method_frame, content)
  File "/home/yuyu/.local/lib/python2.7/site-packages/pika/connection.py", line 1601, in _send_message
    self._flush_outbound()
  File "/home/yuyu/.local/lib/python2.7/site-packages/pika/adapters/base_connection.py", line 282, in _flush_outbound
    self._handle_write()
  File "/home/yuyu/.local/lib/python2.7/site-packages/pika/adapters/base_connection.py", line 427, in _handle_write
    bw = self.socket.send(frame)
AttributeError: 'NoneType' object has no attribute 'send'

Fri 22 Sep 2017 23:02:26, operations.getNewsSummariesForUser, 17 ms, event_name : news_list_request, user_id : qq@qq.com, user_ip : ::1
Fri 22 Sep 2017 23:02:31, operations.getNewsSummariesForUser, 9 ms, event_name : news_list_request, user_id : qq@qq.com, user_ip : ::1
Fri 22 Sep 2017 23:02:34, operations.getNewsSummariesForUser, 14 ms, event_name : news_list_request, user_id : qq@qq.com, user_ip : ::1
Fri 22 Sep 2017 23:02:36, JsonRpcError(-32603): 'NoneType' object has no attribute 'send' -- Traceback (most recent call last):
  File "/home/yuyu/.local/lib/python2.7/site-packages/pyjsonrpc/rpclib.py", line 114, in call
    result = rpc_function(*positional_params, **named_params)
  File "service.py", line 44, in logNewsClickForUser
    return operations.logNewsClickForUser(user_id, news_id, user_ip)
  File "/home/yuyu/bittigercs503-1703-llliuyu/week10/backend_server/operations.py", line 92, in logNewsClickForUser
    cloudAMQP_client.sendMessage(message)
  File "/home/yuyu/bittigercs503-1703-llliuyu/week10/backend_server/../common/cloudAMQP_client.py", line 22, in sendMessage
    body=json.dumps(message))
  File "/home/yuyu/.local/lib/python2.7/site-packages/pika/adapters/blocking_connection.py", line 1978, in basic_publish
    mandatory, immediate)
  File "/home/yuyu/.local/lib/python2.7/site-packages/pika/adapters/blocking_connection.py", line 2064, in publish
    immediate=immediate)
  File "/home/yuyu/.local/lib/python2.7/site-packages/pika/channel.py", line 338, in basic_publish
    (properties, body))
  File "/home/yuyu/.local/lib/python2.7/site-packages/pika/channel.py", line 1150, in _send_method
    self.connection._send_method(self.channel_number, method_frame, content)
  File "/home/yuyu/.local/lib/python2.7/site-packages/pika/connection.py", line 1571, in _send_method
    self._send_message(channel_number, method_frame, content)
  File "/home/yuyu/.local/lib/python2.7/site-packages/pika/connection.py", line 1601, in _send_message
    self._flush_outbound()
  File "/home/yuyu/.local/lib/python2.7/site-packages/pika/adapters/base_connection.py", line 282, in _flush_outbound
    self._handle_write()
  File "/home/yuyu/.local/lib/python2.7/site-packages/pika/adapters/base_connection.py", line 427, in _handle_write
    bw = self.socket.send(frame)
AttributeError: 'NoneType' object has no attribute 'send'

Fri 22 Sep 2017 23:04:36, JsonRpcError(-32603): 'NoneType' object has no attribute 'send' -- Traceback (most recent call last):
  File "/home/yuyu/.local/lib/python2.7/site-packages/pyjsonrpc/rpclib.py", line 114, in call
    result = rpc_function(*positional_params, **named_params)
  File "service.py", line 44, in logNewsClickForUser
    return operations.logNewsClickForUser(user_id, news_id, user_ip)
  File "/home/yuyu/bittigercs503-1703-llliuyu/week10/backend_server/operations.py", line 92, in logNewsClickForUser
    cloudAMQP_client.sendMessage(message)
  File "/home/yuyu/bittigercs503-1703-llliuyu/week10/backend_server/../common/cloudAMQP_client.py", line 22, in sendMessage
    body=json.dumps(message))
  File "/home/yuyu/.local/lib/python2.7/site-packages/pika/adapters/blocking_connection.py", line 1978, in basic_publish
    mandatory, immediate)
  File "/home/yuyu/.local/lib/python2.7/site-packages/pika/adapters/blocking_connection.py", line 2064, in publish
    immediate=immediate)
  File "/home/yuyu/.local/lib/python2.7/site-packages/pika/channel.py", line 338, in basic_publish
    (properties, body))
  File "/home/yuyu/.local/lib/python2.7/site-packages/pika/channel.py", line 1150, in _send_method
    self.connection._send_method(self.channel_number, method_frame, content)
  File "/home/yuyu/.local/lib/python2.7/site-packages/pika/connection.py", line 1571, in _send_method
    self._send_message(channel_number, method_frame, content)
  File "/home/yuyu/.local/lib/python2.7/site-packages/pika/connection.py", line 1601, in _send_message
    self._flush_outbound()
  File "/home/yuyu/.local/lib/python2.7/site-packages/pika/adapters/base_connection.py", line 282, in _flush_outbound
    self._handle_write()
  File "/home/yuyu/.local/lib/python2.7/site-packages/pika/adapters/base_connection.py", line 427, in _handle_write
    bw = self.socket.send(frame)
AttributeError: 'NoneType' object has no attribute 'send'

Fri 22 Sep 2017 23:44:09, operations.getNewsSummariesForUser, 47 ms, event_name : news_list_request, user_id : qq@qq.com, user_ip : ::1
Fri 22 Sep 2017 23:44:15, operations.getNewsSummariesForUser, 16 ms, event_name : news_list_request, user_id : qq@qq.com, user_ip : ::1
Fri 22 Sep 2017 23:44:18, JsonRpcError(-32603): 'NoneType' object has no attribute 'send' -- Traceback (most recent call last):
  File "/home/yuyu/.local/lib/python2.7/site-packages/pyjsonrpc/rpclib.py", line 114, in call
    result = rpc_function(*positional_params, **named_params)
  File "service.py", line 44, in logNewsClickForUser
    return operations.logNewsClickForUser(user_id, news_id, user_ip)
  File "/home/yuyu/bittigercs503-1703-llliuyu/week10/backend_server/operations.py", line 92, in logNewsClickForUser
    cloudAMQP_client.sendMessage(message)
  File "/home/yuyu/bittigercs503-1703-llliuyu/week10/backend_server/../common/cloudAMQP_client.py", line 22, in sendMessage
    body=json.dumps(message))
  File "/home/yuyu/.local/lib/python2.7/site-packages/pika/adapters/blocking_connection.py", line 1978, in basic_publish
    mandatory, immediate)
  File "/home/yuyu/.local/lib/python2.7/site-packages/pika/adapters/blocking_connection.py", line 2064, in publish
    immediate=immediate)
  File "/home/yuyu/.local/lib/python2.7/site-packages/pika/channel.py", line 338, in basic_publish
    (properties, body))
  File "/home/yuyu/.local/lib/python2.7/site-packages/pika/channel.py", line 1150, in _send_method
    self.connection._send_method(self.channel_number, method_frame, content)
  File "/home/yuyu/.local/lib/python2.7/site-packages/pika/connection.py", line 1571, in _send_method
    self._send_message(channel_number, method_frame, content)
  File "/home/yuyu/.local/lib/python2.7/site-packages/pika/connection.py", line 1601, in _send_message
    self._flush_outbound()
  File "/home/yuyu/.local/lib/python2.7/site-packages/pika/adapters/base_connection.py", line 282, in _flush_outbound
    self._handle_write()
  File "/home/yuyu/.local/lib/python2.7/site-packages/pika/adapters/base_connection.py", line 427, in _handle_write
    bw = self.socket.send(frame)
AttributeError: 'NoneType' object has no attribute 'send'

Fri 22 Sep 2017 23:44:26, operations.getNewsSummariesForUser, 16 ms, event_name : news_list_request, user_id : qq@qq.com, user_ip : ::1
Fri 22 Sep 2017 23:44:29, operations.getNewsSummariesForUser, 13 ms, event_name : news_list_request, user_id : qq@qq.com, user_ip : ::1
Fri 22 Sep 2017 23:44:32, operations.getNewsSummariesForUser, 19 ms, event_name : news_list_request, user_id : qq@qq.com, user_ip : ::1
Fri 22 Sep 2017 23:44:39, operations.getNewsSummariesForUser, 17 ms, event_name : news_list_request, user_id : qq@qq.com, user_ip : ::1
Fri 22 Sep 2017 23:44:46, operations.getNewsSummariesForUser, 18 ms, event_name : news_list_request, user_id : qq@qq.com, user_ip : ::1
Sat 23 Sep 2017 08:59:08, operations.getNewsSummariesForUser, 42 ms, event_name : news_list_request, user_id : qq@qq.com, user_ip : ::1
Sat 23 Sep 2017 11:50:04, operations.getNewsSummariesForUser, 46 ms, event_name : news_list_request, user_id : qq@qq.com, user_ip : ::1
Sat 23 Sep 2017 11:50:13, operations.getNewsSummariesForUser, 19 ms, event_name : news_list_request, user_id : qq@qq.com, user_ip : ::1
Sat 23 Sep 2017 11:50:20, operations.getNewsSummariesForUser, 15 ms, event_name : news_list_request, user_id : qq@qq.com, user_ip : ::1
Sat 23 Sep 2017 11:50:22, JsonRpcError(-32603): 'NoneType' object has no attribute 'send' -- Traceback (most recent call last):
  File "/home/yuyu/.local/lib/python2.7/site-packages/pyjsonrpc/rpclib.py", line 114, in call
    result = rpc_function(*positional_params, **named_params)
  File "service.py", line 44, in logNewsClickForUser
    return operations.logNewsClickForUser(user_id, news_id, user_ip)
  File "/home/yuyu/bittigercs503-1703-llliuyu/week10/backend_server/operations.py", line 92, in logNewsClickForUser
    cloudAMQP_client.sendMessage(message)
  File "/home/yuyu/bittigercs503-1703-llliuyu/week10/backend_server/../common/cloudAMQP_client.py", line 22, in sendMessage
    body=json.dumps(message))
  File "/home/yuyu/.local/lib/python2.7/site-packages/pika/adapters/blocking_connection.py", line 1978, in basic_publish
    mandatory, immediate)
  File "/home/yuyu/.local/lib/python2.7/site-packages/pika/adapters/blocking_connection.py", line 2064, in publish
    immediate=immediate)
  File "/home/yuyu/.local/lib/python2.7/site-packages/pika/channel.py", line 338, in basic_publish
    (properties, body))
  File "/home/yuyu/.local/lib/python2.7/site-packages/pika/channel.py", line 1150, in _send_method
    self.connection._send_method(self.channel_number, method_frame, content)
  File "/home/yuyu/.local/lib/python2.7/site-packages/pika/connection.py", line 1571, in _send_method
    self._send_message(channel_number, method_frame, content)
  File "/home/yuyu/.local/lib/python2.7/site-packages/pika/connection.py", line 1601, in _send_message
    self._flush_outbound()
  File "/home/yuyu/.local/lib/python2.7/site-packages/pika/adapters/base_connection.py", line 282, in _flush_outbound
    self._handle_write()
  File "/home/yuyu/.local/lib/python2.7/site-packages/pika/adapters/base_connection.py", line 427, in _handle_write
    bw = self.socket.send(frame)
AttributeError: 'NoneType' object has no attribute 'send'

Sat 23 Sep 2017 11:52:14, JsonRpcError(-32603): 'NoneType' object has no attribute 'send' -- Traceback (most recent call last):
  File "/home/yuyu/.local/lib/python2.7/site-packages/pyjsonrpc/rpclib.py", line 114, in call
    result = rpc_function(*positional_params, **named_params)
  File "service.py", line 44, in logNewsClickForUser
    return operations.logNewsClickForUser(user_id, news_id, user_ip)
  File "/home/yuyu/bittigercs503-1703-llliuyu/week10/backend_server/operations.py", line 92, in logNewsClickForUser
    cloudAMQP_client.sendMessage(message)
  File "/home/yuyu/bittigercs503-1703-llliuyu/week10/backend_server/../common/cloudAMQP_client.py", line 22, in sendMessage
    body=json.dumps(message))
  File "/home/yuyu/.local/lib/python2.7/site-packages/pika/adapters/blocking_connection.py", line 1978, in basic_publish
    mandatory, immediate)
  File "/home/yuyu/.local/lib/python2.7/site-packages/pika/adapters/blocking_connection.py", line 2064, in publish
    immediate=immediate)
  File "/home/yuyu/.local/lib/python2.7/site-packages/pika/channel.py", line 338, in basic_publish
    (properties, body))
  File "/home/yuyu/.local/lib/python2.7/site-packages/pika/channel.py", line 1150, in _send_method
    self.connection._send_method(self.channel_number, method_frame, content)
  File "/home/yuyu/.local/lib/python2.7/site-packages/pika/connection.py", line 1571, in _send_method
    self._send_message(channel_number, method_frame, content)
  File "/home/yuyu/.local/lib/python2.7/site-packages/pika/connection.py", line 1601, in _send_message
    self._flush_outbound()
  File "/home/yuyu/.local/lib/python2.7/site-packages/pika/adapters/base_connection.py", line 282, in _flush_outbound
    self._handle_write()
  File "/home/yuyu/.local/lib/python2.7/site-packages/pika/adapters/base_connection.py", line 427, in _handle_write
    bw = self.socket.send(frame)
AttributeError: 'NoneType' object has no attribute 'send'

Sat 23 Sep 2017 11:52:22, JsonRpcError(-32603): 'NoneType' object has no attribute 'send' -- Traceback (most recent call last):
  File "/home/yuyu/.local/lib/python2.7/site-packages/pyjsonrpc/rpclib.py", line 114, in call
    result = rpc_function(*positional_params, **named_params)
  File "service.py", line 44, in logNewsClickForUser
    return operations.logNewsClickForUser(user_id, news_id, user_ip)
  File "/home/yuyu/bittigercs503-1703-llliuyu/week10/backend_server/operations.py", line 92, in logNewsClickForUser
    cloudAMQP_client.sendMessage(message)
  File "/home/yuyu/bittigercs503-1703-llliuyu/week10/backend_server/../common/cloudAMQP_client.py", line 22, in sendMessage
    body=json.dumps(message))
  File "/home/yuyu/.local/lib/python2.7/site-packages/pika/adapters/blocking_connection.py", line 1978, in basic_publish
    mandatory, immediate)
  File "/home/yuyu/.local/lib/python2.7/site-packages/pika/adapters/blocking_connection.py", line 2064, in publish
    immediate=immediate)
  File "/home/yuyu/.local/lib/python2.7/site-packages/pika/channel.py", line 338, in basic_publish
    (properties, body))
  File "/home/yuyu/.local/lib/python2.7/site-packages/pika/channel.py", line 1150, in _send_method
    self.connection._send_method(self.channel_number, method_frame, content)
  File "/home/yuyu/.local/lib/python2.7/site-packages/pika/connection.py", line 1571, in _send_method
    self._send_message(channel_number, method_frame, content)
  File "/home/yuyu/.local/lib/python2.7/site-packages/pika/connection.py", line 1601, in _send_message
    self._flush_outbound()
  File "/home/yuyu/.local/lib/python2.7/site-packages/pika/adapters/base_connection.py", line 282, in _flush_outbound
    self._handle_write()
  File "/home/yuyu/.local/lib/python2.7/site-packages/pika/adapters/base_connection.py", line 427, in _handle_write
    bw = self.socket.send(frame)
AttributeError: 'NoneType' object has no attribute 'send'

Sat 23 Sep 2017 11:53:47, JsonRpcError(-32603): 'NoneType' object has no attribute 'send' -- Traceback (most recent call last):
  File "/home/yuyu/.local/lib/python2.7/site-packages/pyjsonrpc/rpclib.py", line 114, in call
    result = rpc_function(*positional_params, **named_params)
  File "service.py", line 44, in logNewsClickForUser
    return operations.logNewsClickForUser(user_id, news_id, user_ip)
  File "/home/yuyu/bittigercs503-1703-llliuyu/week10/backend_server/operations.py", line 92, in logNewsClickForUser
    cloudAMQP_client.sendMessage(message)
  File "/home/yuyu/bittigercs503-1703-llliuyu/week10/backend_server/../common/cloudAMQP_client.py", line 22, in sendMessage
    body=json.dumps(message))
  File "/home/yuyu/.local/lib/python2.7/site-packages/pika/adapters/blocking_connection.py", line 1978, in basic_publish
    mandatory, immediate)
  File "/home/yuyu/.local/lib/python2.7/site-packages/pika/adapters/blocking_connection.py", line 2064, in publish
    immediate=immediate)
  File "/home/yuyu/.local/lib/python2.7/site-packages/pika/channel.py", line 338, in basic_publish
    (properties, body))
  File "/home/yuyu/.local/lib/python2.7/site-packages/pika/channel.py", line 1150, in _send_method
    self.connection._send_method(self.channel_number, method_frame, content)
  File "/home/yuyu/.local/lib/python2.7/site-packages/pika/connection.py", line 1571, in _send_method
    self._send_message(channel_number, method_frame, content)
  File "/home/yuyu/.local/lib/python2.7/site-packages/pika/connection.py", line 1601, in _send_message
    self._flush_outbound()
  File "/home/yuyu/.local/lib/python2.7/site-packages/pika/adapters/base_connection.py", line 282, in _flush_outbound
    self._handle_write()
  File "/home/yuyu/.local/lib/python2.7/site-packages/pika/adapters/base_connection.py", line 427, in _handle_write
    bw = self.socket.send(frame)
AttributeError: 'NoneType' object has no attribute 'send'

Sat 23 Sep 2017 11:53:59, JsonRpcError(-32603): 'NoneType' object has no attribute 'send' -- Traceback (most recent call last):
  File "/home/yuyu/.local/lib/python2.7/site-packages/pyjsonrpc/rpclib.py", line 114, in call
    result = rpc_function(*positional_params, **named_params)
  File "service.py", line 44, in logNewsClickForUser
    return operations.logNewsClickForUser(user_id, news_id, user_ip)
  File "/home/yuyu/bittigercs503-1703-llliuyu/week10/backend_server/operations.py", line 92, in logNewsClickForUser
    cloudAMQP_client.sendMessage(message)
  File "/home/yuyu/bittigercs503-1703-llliuyu/week10/backend_server/../common/cloudAMQP_client.py", line 22, in sendMessage
    body=json.dumps(message))
  File "/home/yuyu/.local/lib/python2.7/site-packages/pika/adapters/blocking_connection.py", line 1978, in basic_publish
    mandatory, immediate)
  File "/home/yuyu/.local/lib/python2.7/site-packages/pika/adapters/blocking_connection.py", line 2064, in publish
    immediate=immediate)
  File "/home/yuyu/.local/lib/python2.7/site-packages/pika/channel.py", line 338, in basic_publish
    (properties, body))
  File "/home/yuyu/.local/lib/python2.7/site-packages/pika/channel.py", line 1150, in _send_method
    self.connection._send_method(self.channel_number, method_frame, content)
  File "/home/yuyu/.local/lib/python2.7/site-packages/pika/connection.py", line 1571, in _send_method
    self._send_message(channel_number, method_frame, content)
  File "/home/yuyu/.local/lib/python2.7/site-packages/pika/connection.py", line 1601, in _send_message
    self._flush_outbound()
  File "/home/yuyu/.local/lib/python2.7/site-packages/pika/adapters/base_connection.py", line 282, in _flush_outbound
    self._handle_write()
  File "/home/yuyu/.local/lib/python2.7/site-packages/pika/adapters/base_connection.py", line 427, in _handle_write
    bw = self.socket.send(frame)
AttributeError: 'NoneType' object has no attribute 'send'

Sat 23 Sep 2017 11:54:09, operations.getNewsSummariesForUser, 31 ms, event_name : news_list_request, user_id : qq@qq.com, user_ip : ::1
Sat 23 Sep 2017 11:54:11, JsonRpcError(-32603): 'NoneType' object has no attribute 'send' -- Traceback (most recent call last):
  File "/home/yuyu/.local/lib/python2.7/site-packages/pyjsonrpc/rpclib.py", line 114, in call
    result = rpc_function(*positional_params, **named_params)
  File "service.py", line 44, in logNewsClickForUser
    return operations.logNewsClickForUser(user_id, news_id, user_ip)
  File "/home/yuyu/bittigercs503-1703-llliuyu/week10/backend_server/operations.py", line 92, in logNewsClickForUser
    cloudAMQP_client.sendMessage(message)
  File "/home/yuyu/bittigercs503-1703-llliuyu/week10/backend_server/../common/cloudAMQP_client.py", line 22, in sendMessage
    body=json.dumps(message))
  File "/home/yuyu/.local/lib/python2.7/site-packages/pika/adapters/blocking_connection.py", line 1978, in basic_publish
    mandatory, immediate)
  File "/home/yuyu/.local/lib/python2.7/site-packages/pika/adapters/blocking_connection.py", line 2064, in publish
    immediate=immediate)
  File "/home/yuyu/.local/lib/python2.7/site-packages/pika/channel.py", line 338, in basic_publish
    (properties, body))
  File "/home/yuyu/.local/lib/python2.7/site-packages/pika/channel.py", line 1150, in _send_method
    self.connection._send_method(self.channel_number, method_frame, content)
  File "/home/yuyu/.local/lib/python2.7/site-packages/pika/connection.py", line 1571, in _send_method
    self._send_message(channel_number, method_frame, content)
  File "/home/yuyu/.local/lib/python2.7/site-packages/pika/connection.py", line 1601, in _send_message
    self._flush_outbound()
  File "/home/yuyu/.local/lib/python2.7/site-packages/pika/adapters/base_connection.py", line 282, in _flush_outbound
    self._handle_write()
  File "/home/yuyu/.local/lib/python2.7/site-packages/pika/adapters/base_connection.py", line 427, in _handle_write
    bw = self.socket.send(frame)
AttributeError: 'NoneType' object has no attribute 'send'

Sat 23 Sep 2017 11:54:14, operations.getNewsSummariesForUser, 16 ms, event_name : news_list_request, user_id : qq@qq.com, user_ip : ::1
Sat 23 Sep 2017 11:56:11, JsonRpcError(-32603): 'NoneType' object has no attribute 'send' -- Traceback (most recent call last):
  File "/home/yuyu/.local/lib/python2.7/site-packages/pyjsonrpc/rpclib.py", line 114, in call
    result = rpc_function(*positional_params, **named_params)
  File "service.py", line 44, in logNewsClickForUser
    return operations.logNewsClickForUser(user_id, news_id, user_ip)
  File "/home/yuyu/bittigercs503-1703-llliuyu/week10/backend_server/operations.py", line 92, in logNewsClickForUser
    cloudAMQP_client.sendMessage(message)
  File "/home/yuyu/bittigercs503-1703-llliuyu/week10/backend_server/../common/cloudAMQP_client.py", line 22, in sendMessage
    body=json.dumps(message))
  File "/home/yuyu/.local/lib/python2.7/site-packages/pika/adapters/blocking_connection.py", line 1978, in basic_publish
    mandatory, immediate)
  File "/home/yuyu/.local/lib/python2.7/site-packages/pika/adapters/blocking_connection.py", line 2064, in publish
    immediate=immediate)
  File "/home/yuyu/.local/lib/python2.7/site-packages/pika/channel.py", line 338, in basic_publish
    (properties, body))
  File "/home/yuyu/.local/lib/python2.7/site-packages/pika/channel.py", line 1150, in _send_method
    self.connection._send_method(self.channel_number, method_frame, content)
  File "/home/yuyu/.local/lib/python2.7/site-packages/pika/connection.py", line 1571, in _send_method
    self._send_message(channel_number, method_frame, content)
  File "/home/yuyu/.local/lib/python2.7/site-packages/pika/connection.py", line 1601, in _send_message
    self._flush_outbound()
  File "/home/yuyu/.local/lib/python2.7/site-packages/pika/adapters/base_connection.py", line 282, in _flush_outbound
    self._handle_write()
  File "/home/yuyu/.local/lib/python2.7/site-packages/pika/adapters/base_connection.py", line 427, in _handle_write
    bw = self.socket.send(frame)
AttributeError: 'NoneType' object has no attribute 'send'

Sat 23 Sep 2017 11:58:11, JsonRpcError(-32603): 'NoneType' object has no attribute 'send' -- Traceback (most recent call last):
  File "/home/yuyu/.local/lib/python2.7/site-packages/pyjsonrpc/rpclib.py", line 114, in call
    result = rpc_function(*positional_params, **named_params)
  File "service.py", line 44, in logNewsClickForUser
    return operations.logNewsClickForUser(user_id, news_id, user_ip)
  File "/home/yuyu/bittigercs503-1703-llliuyu/week10/backend_server/operations.py", line 92, in logNewsClickForUser
    cloudAMQP_client.sendMessage(message)
  File "/home/yuyu/bittigercs503-1703-llliuyu/week10/backend_server/../common/cloudAMQP_client.py", line 22, in sendMessage
    body=json.dumps(message))
  File "/home/yuyu/.local/lib/python2.7/site-packages/pika/adapters/blocking_connection.py", line 1978, in basic_publish
    mandatory, immediate)
  File "/home/yuyu/.local/lib/python2.7/site-packages/pika/adapters/blocking_connection.py", line 2064, in publish
    immediate=immediate)
  File "/home/yuyu/.local/lib/python2.7/site-packages/pika/channel.py", line 338, in basic_publish
    (properties, body))
  File "/home/yuyu/.local/lib/python2.7/site-packages/pika/channel.py", line 1150, in _send_method
    self.connection._send_method(self.channel_number, method_frame, content)
  File "/home/yuyu/.local/lib/python2.7/site-packages/pika/connection.py", line 1571, in _send_method
    self._send_message(channel_number, method_frame, content)
  File "/home/yuyu/.local/lib/python2.7/site-packages/pika/connection.py", line 1601, in _send_message
    self._flush_outbound()
  File "/home/yuyu/.local/lib/python2.7/site-packages/pika/adapters/base_connection.py", line 282, in _flush_outbound
    self._handle_write()
  File "/home/yuyu/.local/lib/python2.7/site-packages/pika/adapters/base_connection.py", line 427, in _handle_write
    bw = self.socket.send(frame)
AttributeError: 'NoneType' object has no attribute 'send'

Sat 23 Sep 2017 12:00:11, JsonRpcError(-32603): 'NoneType' object has no attribute 'send' -- Traceback (most recent call last):
  File "/home/yuyu/.local/lib/python2.7/site-packages/pyjsonrpc/rpclib.py", line 114, in call
    result = rpc_function(*positional_params, **named_params)
  File "service.py", line 44, in logNewsClickForUser
    return operations.logNewsClickForUser(user_id, news_id, user_ip)
  File "/home/yuyu/bittigercs503-1703-llliuyu/week10/backend_server/operations.py", line 92, in logNewsClickForUser
    cloudAMQP_client.sendMessage(message)
  File "/home/yuyu/bittigercs503-1703-llliuyu/week10/backend_server/../common/cloudAMQP_client.py", line 22, in sendMessage
    body=json.dumps(message))
  File "/home/yuyu/.local/lib/python2.7/site-packages/pika/adapters/blocking_connection.py", line 1978, in basic_publish
    mandatory, immediate)
  File "/home/yuyu/.local/lib/python2.7/site-packages/pika/adapters/blocking_connection.py", line 2064, in publish
    immediate=immediate)
  File "/home/yuyu/.local/lib/python2.7/site-packages/pika/channel.py", line 338, in basic_publish
    (properties, body))
  File "/home/yuyu/.local/lib/python2.7/site-packages/pika/channel.py", line 1150, in _send_method
    self.connection._send_method(self.channel_number, method_frame, content)
  File "/home/yuyu/.local/lib/python2.7/site-packages/pika/connection.py", line 1571, in _send_method
    self._send_message(channel_number, method_frame, content)
  File "/home/yuyu/.local/lib/python2.7/site-packages/pika/connection.py", line 1601, in _send_message
    self._flush_outbound()
  File "/home/yuyu/.local/lib/python2.7/site-packages/pika/adapters/base_connection.py", line 282, in _flush_outbound
    self._handle_write()
  File "/home/yuyu/.local/lib/python2.7/site-packages/pika/adapters/base_connection.py", line 427, in _handle_write
    bw = self.socket.send(frame)
AttributeError: 'NoneType' object has no attribute 'send'

Sat 23 Sep 2017 12:01:00, JsonRpcError(-32603): 'NoneType' object has no attribute 'send' -- Traceback (most recent call last):
  File "/home/yuyu/.local/lib/python2.7/site-packages/pyjsonrpc/rpclib.py", line 114, in call
    result = rpc_function(*positional_params, **named_params)
  File "service.py", line 44, in logNewsClickForUser
    return operations.logNewsClickForUser(user_id, news_id, user_ip)
  File "/home/yuyu/bittigercs503-1703-llliuyu/week10/backend_server/operations.py", line 92, in logNewsClickForUser
    cloudAMQP_client.sendMessage(message)
  File "/home/yuyu/bittigercs503-1703-llliuyu/week10/backend_server/../common/cloudAMQP_client.py", line 22, in sendMessage
    body=json.dumps(message))
  File "/home/yuyu/.local/lib/python2.7/site-packages/pika/adapters/blocking_connection.py", line 1978, in basic_publish
    mandatory, immediate)
  File "/home/yuyu/.local/lib/python2.7/site-packages/pika/adapters/blocking_connection.py", line 2064, in publish
    immediate=immediate)
  File "/home/yuyu/.local/lib/python2.7/site-packages/pika/channel.py", line 338, in basic_publish
    (properties, body))
  File "/home/yuyu/.local/lib/python2.7/site-packages/pika/channel.py", line 1150, in _send_method
    self.connection._send_method(self.channel_number, method_frame, content)
  File "/home/yuyu/.local/lib/python2.7/site-packages/pika/connection.py", line 1571, in _send_method
    self._send_message(channel_number, method_frame, content)
  File "/home/yuyu/.local/lib/python2.7/site-packages/pika/connection.py", line 1601, in _send_message
    self._flush_outbound()
  File "/home/yuyu/.local/lib/python2.7/site-packages/pika/adapters/base_connection.py", line 282, in _flush_outbound
    self._handle_write()
  File "/home/yuyu/.local/lib/python2.7/site-packages/pika/adapters/base_connection.py", line 427, in _handle_write
    bw = self.socket.send(frame)
AttributeError: 'NoneType' object has no attribute 'send'

Sat 23 Sep 2017 12:07:51, operations.getNewsSummariesForUser, 40 ms, event_name : news_list_request, user_id : qq@qq.com, user_ip : ::1
Sat 23 Sep 2017 12:07:54, operations.getNewsSummariesForUser, 14 ms, event_name : news_list_request, user_id : qq@qq.com, user_ip : ::1
Sat 23 Sep 2017 12:07:55, JsonRpcError(-32603): 'NoneType' object has no attribute 'send' -- Traceback (most recent call last):
  File "/home/yuyu/.local/lib/python2.7/site-packages/pyjsonrpc/rpclib.py", line 114, in call
    result = rpc_function(*positional_params, **named_params)
  File "service.py", line 44, in logNewsClickForUser
    return operations.logNewsClickForUser(user_id, news_id, user_ip)
  File "/home/yuyu/bittigercs503-1703-llliuyu/week10/backend_server/operations.py", line 92, in logNewsClickForUser
    cloudAMQP_client.sendMessage(message)
  File "/home/yuyu/bittigercs503-1703-llliuyu/week10/backend_server/../common/cloudAMQP_client.py", line 22, in sendMessage
    body=json.dumps(message))
  File "/home/yuyu/.local/lib/python2.7/site-packages/pika/adapters/blocking_connection.py", line 1978, in basic_publish
    mandatory, immediate)
  File "/home/yuyu/.local/lib/python2.7/site-packages/pika/adapters/blocking_connection.py", line 2064, in publish
    immediate=immediate)
  File "/home/yuyu/.local/lib/python2.7/site-packages/pika/channel.py", line 338, in basic_publish
    (properties, body))
  File "/home/yuyu/.local/lib/python2.7/site-packages/pika/channel.py", line 1150, in _send_method
    self.connection._send_method(self.channel_number, method_frame, content)
  File "/home/yuyu/.local/lib/python2.7/site-packages/pika/connection.py", line 1571, in _send_method
    self._send_message(channel_number, method_frame, content)
  File "/home/yuyu/.local/lib/python2.7/site-packages/pika/connection.py", line 1601, in _send_message
    self._flush_outbound()
  File "/home/yuyu/.local/lib/python2.7/site-packages/pika/adapters/base_connection.py", line 282, in _flush_outbound
    self._handle_write()
  File "/home/yuyu/.local/lib/python2.7/site-packages/pika/adapters/base_connection.py", line 427, in _handle_write
    bw = self.socket.send(frame)
AttributeError: 'NoneType' object has no attribute 'send'

Sat 23 Sep 2017 12:08:08, operations.getNewsSummariesForUser, 16 ms, event_name : news_list_request, user_id : qq@qq.com, user_ip : ::1
Sat 23 Sep 2017 12:08:09, JsonRpcError(-32603): 'NoneType' object has no attribute 'send' -- Traceback (most recent call last):
  File "/home/yuyu/.local/lib/python2.7/site-packages/pyjsonrpc/rpclib.py", line 114, in call
    result = rpc_function(*positional_params, **named_params)
  File "service.py", line 44, in logNewsClickForUser
    return operations.logNewsClickForUser(user_id, news_id, user_ip)
  File "/home/yuyu/bittigercs503-1703-llliuyu/week10/backend_server/operations.py", line 92, in logNewsClickForUser
    cloudAMQP_client.sendMessage(message)
  File "/home/yuyu/bittigercs503-1703-llliuyu/week10/backend_server/../common/cloudAMQP_client.py", line 22, in sendMessage
    body=json.dumps(message))
  File "/home/yuyu/.local/lib/python2.7/site-packages/pika/adapters/blocking_connection.py", line 1978, in basic_publish
    mandatory, immediate)
  File "/home/yuyu/.local/lib/python2.7/site-packages/pika/adapters/blocking_connection.py", line 2064, in publish
    immediate=immediate)
  File "/home/yuyu/.local/lib/python2.7/site-packages/pika/channel.py", line 338, in basic_publish
    (properties, body))
  File "/home/yuyu/.local/lib/python2.7/site-packages/pika/channel.py", line 1150, in _send_method
    self.connection._send_method(self.channel_number, method_frame, content)
  File "/home/yuyu/.local/lib/python2.7/site-packages/pika/connection.py", line 1571, in _send_method
    self._send_message(channel_number, method_frame, content)
  File "/home/yuyu/.local/lib/python2.7/site-packages/pika/connection.py", line 1601, in _send_message
    self._flush_outbound()
  File "/home/yuyu/.local/lib/python2.7/site-packages/pika/adapters/base_connection.py", line 282, in _flush_outbound
    self._handle_write()
  File "/home/yuyu/.local/lib/python2.7/site-packages/pika/adapters/base_connection.py", line 427, in _handle_write
    bw = self.socket.send(frame)
AttributeError: 'NoneType' object has no attribute 'send'

Sat 23 Sep 2017 12:09:55, JsonRpcError(-32603): 'NoneType' object has no attribute 'send' -- Traceback (most recent call last):
  File "/home/yuyu/.local/lib/python2.7/site-packages/pyjsonrpc/rpclib.py", line 114, in call
    result = rpc_function(*positional_params, **named_params)
  File "service.py", line 44, in logNewsClickForUser
    return operations.logNewsClickForUser(user_id, news_id, user_ip)
  File "/home/yuyu/bittigercs503-1703-llliuyu/week10/backend_server/operations.py", line 92, in logNewsClickForUser
    cloudAMQP_client.sendMessage(message)
  File "/home/yuyu/bittigercs503-1703-llliuyu/week10/backend_server/../common/cloudAMQP_client.py", line 22, in sendMessage
    body=json.dumps(message))
  File "/home/yuyu/.local/lib/python2.7/site-packages/pika/adapters/blocking_connection.py", line 1978, in basic_publish
    mandatory, immediate)
  File "/home/yuyu/.local/lib/python2.7/site-packages/pika/adapters/blocking_connection.py", line 2064, in publish
    immediate=immediate)
  File "/home/yuyu/.local/lib/python2.7/site-packages/pika/channel.py", line 338, in basic_publish
    (properties, body))
  File "/home/yuyu/.local/lib/python2.7/site-packages/pika/channel.py", line 1150, in _send_method
    self.connection._send_method(self.channel_number, method_frame, content)
  File "/home/yuyu/.local/lib/python2.7/site-packages/pika/connection.py", line 1571, in _send_method
    self._send_message(channel_number, method_frame, content)
  File "/home/yuyu/.local/lib/python2.7/site-packages/pika/connection.py", line 1601, in _send_message
    self._flush_outbound()
  File "/home/yuyu/.local/lib/python2.7/site-packages/pika/adapters/base_connection.py", line 282, in _flush_outbound
    self._handle_write()
  File "/home/yuyu/.local/lib/python2.7/site-packages/pika/adapters/base_connection.py", line 427, in _handle_write
    bw = self.socket.send(frame)
AttributeError: 'NoneType' object has no attribute 'send'

Sat 23 Sep 2017 12:10:09, JsonRpcError(-32603): 'NoneType' object has no attribute 'send' -- Traceback (most recent call last):
  File "/home/yuyu/.local/lib/python2.7/site-packages/pyjsonrpc/rpclib.py", line 114, in call
    result = rpc_function(*positional_params, **named_params)
  File "service.py", line 44, in logNewsClickForUser
    return operations.logNewsClickForUser(user_id, news_id, user_ip)
  File "/home/yuyu/bittigercs503-1703-llliuyu/week10/backend_server/operations.py", line 92, in logNewsClickForUser
    cloudAMQP_client.sendMessage(message)
  File "/home/yuyu/bittigercs503-1703-llliuyu/week10/backend_server/../common/cloudAMQP_client.py", line 22, in sendMessage
    body=json.dumps(message))
  File "/home/yuyu/.local/lib/python2.7/site-packages/pika/adapters/blocking_connection.py", line 1978, in basic_publish
    mandatory, immediate)
  File "/home/yuyu/.local/lib/python2.7/site-packages/pika/adapters/blocking_connection.py", line 2064, in publish
    immediate=immediate)
  File "/home/yuyu/.local/lib/python2.7/site-packages/pika/channel.py", line 338, in basic_publish
    (properties, body))
  File "/home/yuyu/.local/lib/python2.7/site-packages/pika/channel.py", line 1150, in _send_method
    self.connection._send_method(self.channel_number, method_frame, content)
  File "/home/yuyu/.local/lib/python2.7/site-packages/pika/connection.py", line 1571, in _send_method
    self._send_message(channel_number, method_frame, content)
  File "/home/yuyu/.local/lib/python2.7/site-packages/pika/connection.py", line 1601, in _send_message
    self._flush_outbound()
  File "/home/yuyu/.local/lib/python2.7/site-packages/pika/adapters/base_connection.py", line 282, in _flush_outbound
    self._handle_write()
  File "/home/yuyu/.local/lib/python2.7/site-packages/pika/adapters/base_connection.py", line 427, in _handle_write
    bw = self.socket.send(frame)
AttributeError: 'NoneType' object has no attribute 'send'

Sat 23 Sep 2017 12:13:33, operations.getNewsSummariesForUser, 43 ms, event_name : news_list_request, user_id : qq@qq.com, user_ip : ::1
Sat 23 Sep 2017 12:13:36, operations.getNewsSummariesForUser, 15 ms, event_name : news_list_request, user_id : qq@qq.com, user_ip : ::1
Sat 23 Sep 2017 12:13:37, JsonRpcError(-32603): 'NoneType' object has no attribute 'send' -- Traceback (most recent call last):
  File "/home/yuyu/.local/lib/python2.7/site-packages/pyjsonrpc/rpclib.py", line 114, in call
    result = rpc_function(*positional_params, **named_params)
  File "service.py", line 44, in logNewsClickForUser
    return operations.logNewsClickForUser(user_id, news_id, user_ip)
  File "/home/yuyu/bittigercs503-1703-llliuyu/week10/backend_server/operations.py", line 92, in logNewsClickForUser
    cloudAMQP_client.sendMessage(message)
  File "/home/yuyu/bittigercs503-1703-llliuyu/week10/backend_server/../common/cloudAMQP_client.py", line 22, in sendMessage
    body=json.dumps(message))
  File "/home/yuyu/.local/lib/python2.7/site-packages/pika/adapters/blocking_connection.py", line 1978, in basic_publish
    mandatory, immediate)
  File "/home/yuyu/.local/lib/python2.7/site-packages/pika/adapters/blocking_connection.py", line 2064, in publish
    immediate=immediate)
  File "/home/yuyu/.local/lib/python2.7/site-packages/pika/channel.py", line 338, in basic_publish
    (properties, body))
  File "/home/yuyu/.local/lib/python2.7/site-packages/pika/channel.py", line 1150, in _send_method
    self.connection._send_method(self.channel_number, method_frame, content)
  File "/home/yuyu/.local/lib/python2.7/site-packages/pika/connection.py", line 1571, in _send_method
    self._send_message(channel_number, method_frame, content)
  File "/home/yuyu/.local/lib/python2.7/site-packages/pika/connection.py", line 1601, in _send_message
    self._flush_outbound()
  File "/home/yuyu/.local/lib/python2.7/site-packages/pika/adapters/base_connection.py", line 282, in _flush_outbound
    self._handle_write()
  File "/home/yuyu/.local/lib/python2.7/site-packages/pika/adapters/base_connection.py", line 427, in _handle_write
    bw = self.socket.send(frame)
AttributeError: 'NoneType' object has no attribute 'send'

Sat 23 Sep 2017 12:16:41, operations.getNewsSummariesForUser, 44 ms, event_name : news_list_request, user_id : qq@qq.com, user_ip : ::1
Sat 23 Sep 2017 12:16:48, operations.getNewsSummariesForUser, 12 ms, event_name : news_list_request, user_id : qq@qq.com, user_ip : ::1
Sat 23 Sep 2017 12:19:45, operations.getNewsSummariesForUser, 36 ms, event_name : news_list_request, user_id : qq@qq.com, user_ip : ::1
Sat 23 Sep 2017 12:19:49, operations.getNewsSummariesForUser, 12 ms, event_name : news_list_request, user_id : qq@qq.com, user_ip : ::1
Sat 23 Sep 2017 12:19:53, operations.getNewsSummariesForUser, 13 ms, event_name : news_list_request, user_id : qq@qq.com, user_ip : ::1
Sat 23 Sep 2017 12:19:55, JsonRpcError(-32603): 'NoneType' object has no attribute 'send' -- Traceback (most recent call last):
  File "/home/yuyu/.local/lib/python2.7/site-packages/pyjsonrpc/rpclib.py", line 114, in call
    result = rpc_function(*positional_params, **named_params)
  File "service.py", line 44, in logNewsClickForUser
    return operations.logNewsClickForUser(user_id, news_id, user_ip)
  File "/home/yuyu/bittigercs503-1703-llliuyu/week10/backend_server/operations.py", line 92, in logNewsClickForUser
    cloudAMQP_client.sendMessage(message)
  File "/home/yuyu/bittigercs503-1703-llliuyu/week10/backend_server/../common/cloudAMQP_client.py", line 22, in sendMessage
    body=json.dumps(message))
  File "/home/yuyu/.local/lib/python2.7/site-packages/pika/adapters/blocking_connection.py", line 1978, in basic_publish
    mandatory, immediate)
  File "/home/yuyu/.local/lib/python2.7/site-packages/pika/adapters/blocking_connection.py", line 2064, in publish
    immediate=immediate)
  File "/home/yuyu/.local/lib/python2.7/site-packages/pika/channel.py", line 338, in basic_publish
    (properties, body))
  File "/home/yuyu/.local/lib/python2.7/site-packages/pika/channel.py", line 1150, in _send_method
    self.connection._send_method(self.channel_number, method_frame, content)
  File "/home/yuyu/.local/lib/python2.7/site-packages/pika/connection.py", line 1571, in _send_method
    self._send_message(channel_number, method_frame, content)
  File "/home/yuyu/.local/lib/python2.7/site-packages/pika/connection.py", line 1601, in _send_message
    self._flush_outbound()
  File "/home/yuyu/.local/lib/python2.7/site-packages/pika/adapters/base_connection.py", line 282, in _flush_outbound
    self._handle_write()
  File "/home/yuyu/.local/lib/python2.7/site-packages/pika/adapters/base_connection.py", line 427, in _handle_write
    bw = self.socket.send(frame)
AttributeError: 'NoneType' object has no attribute 'send'

Sat 23 Sep 2017 12:20:22, operations.getNewsSummariesForUser, 10 ms, event_name : news_list_request, user_id : qq@qq.com, user_ip : ::1
Sat 23 Sep 2017 12:20:39, JsonRpcError(-32603): 'NoneType' object has no attribute 'send' -- Traceback (most recent call last):
  File "/home/yuyu/.local/lib/python2.7/site-packages/pyjsonrpc/rpclib.py", line 114, in call
    result = rpc_function(*positional_params, **named_params)
  File "service.py", line 44, in logNewsClickForUser
    return operations.logNewsClickForUser(user_id, news_id, user_ip)
  File "/home/yuyu/bittigercs503-1703-llliuyu/week10/backend_server/operations.py", line 92, in logNewsClickForUser
    cloudAMQP_client.sendMessage(message)
  File "/home/yuyu/bittigercs503-1703-llliuyu/week10/backend_server/../common/cloudAMQP_client.py", line 22, in sendMessage
    body=json.dumps(message))
  File "/home/yuyu/.local/lib/python2.7/site-packages/pika/adapters/blocking_connection.py", line 1978, in basic_publish
    mandatory, immediate)
  File "/home/yuyu/.local/lib/python2.7/site-packages/pika/adapters/blocking_connection.py", line 2064, in publish
    immediate=immediate)
  File "/home/yuyu/.local/lib/python2.7/site-packages/pika/channel.py", line 338, in basic_publish
    (properties, body))
  File "/home/yuyu/.local/lib/python2.7/site-packages/pika/channel.py", line 1150, in _send_method
    self.connection._send_method(self.channel_number, method_frame, content)
  File "/home/yuyu/.local/lib/python2.7/site-packages/pika/connection.py", line 1571, in _send_method
    self._send_message(channel_number, method_frame, content)
  File "/home/yuyu/.local/lib/python2.7/site-packages/pika/connection.py", line 1601, in _send_message
    self._flush_outbound()
  File "/home/yuyu/.local/lib/python2.7/site-packages/pika/adapters/base_connection.py", line 282, in _flush_outbound
    self._handle_write()
  File "/home/yuyu/.local/lib/python2.7/site-packages/pika/adapters/base_connection.py", line 427, in _handle_write
    bw = self.socket.send(frame)
AttributeError: 'NoneType' object has no attribute 'send'

Sat 23 Sep 2017 12:20:42, operations.getNewsSummariesForUser, 15 ms, event_name : news_list_request, user_id : qq@qq.com, user_ip : ::1
Sat 23 Sep 2017 12:20:45, JsonRpcError(-32603): 'NoneType' object has no attribute 'send' -- Traceback (most recent call last):
  File "/home/yuyu/.local/lib/python2.7/site-packages/pyjsonrpc/rpclib.py", line 114, in call
    result = rpc_function(*positional_params, **named_params)
  File "service.py", line 44, in logNewsClickForUser
    return operations.logNewsClickForUser(user_id, news_id, user_ip)
  File "/home/yuyu/bittigercs503-1703-llliuyu/week10/backend_server/operations.py", line 92, in logNewsClickForUser
    cloudAMQP_client.sendMessage(message)
  File "/home/yuyu/bittigercs503-1703-llliuyu/week10/backend_server/../common/cloudAMQP_client.py", line 22, in sendMessage
    body=json.dumps(message))
  File "/home/yuyu/.local/lib/python2.7/site-packages/pika/adapters/blocking_connection.py", line 1978, in basic_publish
    mandatory, immediate)
  File "/home/yuyu/.local/lib/python2.7/site-packages/pika/adapters/blocking_connection.py", line 2064, in publish
    immediate=immediate)
  File "/home/yuyu/.local/lib/python2.7/site-packages/pika/channel.py", line 338, in basic_publish
    (properties, body))
  File "/home/yuyu/.local/lib/python2.7/site-packages/pika/channel.py", line 1150, in _send_method
    self.connection._send_method(self.channel_number, method_frame, content)
  File "/home/yuyu/.local/lib/python2.7/site-packages/pika/connection.py", line 1571, in _send_method
    self._send_message(channel_number, method_frame, content)
  File "/home/yuyu/.local/lib/python2.7/site-packages/pika/connection.py", line 1601, in _send_message
    self._flush_outbound()
  File "/home/yuyu/.local/lib/python2.7/site-packages/pika/adapters/base_connection.py", line 282, in _flush_outbound
    self._handle_write()
  File "/home/yuyu/.local/lib/python2.7/site-packages/pika/adapters/base_connection.py", line 427, in _handle_write
    bw = self.socket.send(frame)
AttributeError: 'NoneType' object has no attribute 'send'

Sat 23 Sep 2017 12:20:49, operations.getNewsSummariesForUser, 43 ms, event_name : news_list_request, user_id : qq@qq.com, user_ip : ::1
Sat 23 Sep 2017 12:20:52, operations.getNewsSummariesForUser, 13 ms, event_name : news_list_request, user_id : qq@qq.com, user_ip : ::1
Sat 23 Sep 2017 12:20:58, operations.getNewsSummariesForUser, 14 ms, event_name : news_list_request, user_id : qq@qq.com, user_ip : ::1
Sat 23 Sep 2017 12:21:01, operations.getNewsSummariesForUser, 17 ms, event_name : news_list_request, user_id : qq@qq.com, user_ip : ::1
Sat 23 Sep 2017 12:21:04, operations.getNewsSummariesForUser, 17 ms, event_name : news_list_request, user_id : qq@qq.com, user_ip : ::1
Sat 23 Sep 2017 12:21:07, operations.getNewsSummariesForUser, 14 ms, event_name : news_list_request, user_id : qq@qq.com, user_ip : ::1
Sat 23 Sep 2017 12:21:11, operations.getNewsSummariesForUser, 20 ms, event_name : news_list_request, user_id : qq@qq.com, user_ip : ::1
Sat 23 Sep 2017 12:21:15, operations.getNewsSummariesForUser, 18 ms, event_name : news_list_request, user_id : qq@qq.com, user_ip : ::1
Sat 23 Sep 2017 12:21:18, JsonRpcError(-32603): 'NoneType' object has no attribute 'send' -- Traceback (most recent call last):
  File "/home/yuyu/.local/lib/python2.7/site-packages/pyjsonrpc/rpclib.py", line 114, in call
    result = rpc_function(*positional_params, **named_params)
  File "service.py", line 44, in logNewsClickForUser
    return operations.logNewsClickForUser(user_id, news_id, user_ip)
  File "/home/yuyu/bittigercs503-1703-llliuyu/week10/backend_server/operations.py", line 92, in logNewsClickForUser
    cloudAMQP_client.sendMessage(message)
  File "/home/yuyu/bittigercs503-1703-llliuyu/week10/backend_server/../common/cloudAMQP_client.py", line 22, in sendMessage
    body=json.dumps(message))
  File "/home/yuyu/.local/lib/python2.7/site-packages/pika/adapters/blocking_connection.py", line 1978, in basic_publish
    mandatory, immediate)
  File "/home/yuyu/.local/lib/python2.7/site-packages/pika/adapters/blocking_connection.py", line 2064, in publish
    immediate=immediate)
  File "/home/yuyu/.local/lib/python2.7/site-packages/pika/channel.py", line 338, in basic_publish
    (properties, body))
  File "/home/yuyu/.local/lib/python2.7/site-packages/pika/channel.py", line 1150, in _send_method
    self.connection._send_method(self.channel_number, method_frame, content)
  File "/home/yuyu/.local/lib/python2.7/site-packages/pika/connection.py", line 1571, in _send_method
    self._send_message(channel_number, method_frame, content)
  File "/home/yuyu/.local/lib/python2.7/site-packages/pika/connection.py", line 1601, in _send_message
    self._flush_outbound()
  File "/home/yuyu/.local/lib/python2.7/site-packages/pika/adapters/base_connection.py", line 282, in _flush_outbound
    self._handle_write()
  File "/home/yuyu/.local/lib/python2.7/site-packages/pika/adapters/base_connection.py", line 427, in _handle_write
    bw = self.socket.send(frame)
AttributeError: 'NoneType' object has no attribute 'send'

Sat 23 Sep 2017 12:21:28, operations.getNewsSummariesForUser, 9 ms, event_name : news_list_request, user_id : qq@qq.com, user_ip : ::1
Sat 23 Sep 2017 12:21:31, operations.getNewsSummariesForUser, 14 ms, event_name : news_list_request, user_id : qq@qq.com, user_ip : ::1
Sat 23 Sep 2017 12:21:36, operations.getNewsSummariesForUser, 17 ms, event_name : news_list_request, user_id : qq@qq.com, user_ip : ::1
Sat 23 Sep 2017 12:21:38, operations.getNewsSummariesForUser, 15 ms, event_name : news_list_request, user_id : qq@qq.com, user_ip : ::1
Sat 23 Sep 2017 12:21:43, operations.getNewsSummariesForUser, 12 ms, event_name : news_list_request, user_id : qq@qq.com, user_ip : ::1
Sat 23 Sep 2017 12:21:46, operations.getNewsSummariesForUser, 18 ms, event_name : news_list_request, user_id : qq@qq.com, user_ip : ::1
Sat 23 Sep 2017 12:21:50, operations.getNewsSummariesForUser, 44 ms, event_name : news_list_request, user_id : qq@qq.com, user_ip : ::1
