2018-03-05T22:46:16.784Z - info: ::1
2018-03-05T22:46:31.602Z - info: ::1
2018-03-05T22:46:35.128Z - info: ::1
2018-03-05T22:46:39.863Z - info: Logging news click from qq@qq.com
2018-03-05T22:48:39.863Z - info: Logging news click from qq@qq.com
2018-03-05T23:10:37.164Z - info: auth_checker: req: [object Object]
2018-03-05T23:10:37.264Z - info: ::1
2018-03-05T23:10:45.841Z - info: auth_checker: req: [object Object]
2018-03-05T23:10:45.913Z - info: ::1
2018-03-05T23:10:48.134Z - info: auth_checker: req: [object Object]
2018-03-05T23:10:48.218Z - info: ::1
2018-03-05T23:10:55.629Z - info: auth_checker: req: [object Object]
2018-03-05T23:10:55.697Z - info: ::1
2018-03-05T23:33:53.509Z - info: auth_checker: req: [object Object]
2018-03-05T23:33:53.639Z - info: ::1
2018-03-05T23:40:54.844Z - info: auth_checker: req: [object Object]
2018-03-05T23:40:54.933Z - info: ::1
2018-03-05T23:41:23.217Z - info: auth_checker: req: [object Object]
2018-03-05T23:41:23.297Z - info: ::1
2018-03-05T23:45:17.060Z - info: auth_checker: req: [object Object]
2018-03-05T23:45:17.562Z - info: ::1
2018-03-05T23:46:01.309Z - info: auth_checker: req: [object Object]
2018-03-05T23:46:01.382Z - info: ::1
2018-03-05T23:56:22.858Z - info: auth_checker: req: [object Object]
2018-03-05T23:56:22.961Z - info: ::1
2018-03-05T23:57:03.223Z - info: auth_checker: req: [object Object]
2018-03-05T23:57:03.590Z - info: ::1
2018-03-05T23:57:09.994Z - info: auth_checker: req: [object Object]
2018-03-05T23:57:10.065Z - info: ::1
2018-03-06T00:00:14.624Z - info: auth_checker: req: [object Object]
2018-03-06T00:00:14.705Z - info: ::1
2018-03-06T00:00:27.463Z - info: auth_checker: req: [object Object]
2018-03-06T00:00:27.540Z - info: ::1
2018-03-06T00:00:36.114Z - info: auth_checker: req: [object Object]
2018-03-06T00:00:36.190Z - info: ::1
2018-03-06T00:01:03.015Z - info: auth_checker: req: [object Object]
2018-03-06T00:01:03.086Z - info: ::1
2018-03-06T00:01:18.626Z - info: auth_checker: req: [object Object]
2018-03-06T00:01:18.709Z - info: ::1
2018-03-06T00:01:54.841Z - info: auth_checker: req: [object Object]
2018-03-06T00:01:54.913Z - info: ::1
2018-03-06T00:02:02.409Z - info: auth_checker: req: [object Object]
2018-03-06T00:02:02.486Z - info: ::1
2018-03-06T00:02:11.267Z - info: auth_checker: req: [object Object]
2018-03-06T00:02:11.707Z - info: ::1
2018-03-06T00:02:36.057Z - info: auth_checker: req: [object Object]
2018-03-06T00:02:36.128Z - info: ::1
2018-03-06T00:02:49.775Z - info: auth_checker: req: [object Object]
2018-03-06T00:02:49.847Z - info: ::1
2018-03-06T00:03:01.433Z - info: auth_checker: req: [object Object]
2018-03-06T00:03:01.507Z - info: ::1
2018-03-06T00:03:19.862Z - info: auth_checker: req: [object Object]
2018-03-06T00:03:19.943Z - info: ::1
2018-03-06T00:03:56.981Z - info: auth_checker: req: [object Object]
2018-03-06T00:03:57.055Z - info: ::1
2018-03-06T00:04:21.225Z - info: auth_checker: req: [object Object]
2018-03-06T00:04:21.298Z - info: ::1
2018-03-06T00:04:48.017Z - info: auth_checker: req: [object Object]
2018-03-06T00:04:48.094Z - info: ::1
2018-03-06T00:05:25.128Z - info: auth_checker: req: [object Object]
2018-03-06T00:05:25.200Z - info: ::1
2018-03-06T00:06:25.310Z - info: auth_checker: req: [object Object]
2018-03-06T00:06:25.414Z - info: ::1
2018-03-06T00:06:38.701Z - info: auth_checker: req: [object Object]
2018-03-06T00:06:38.777Z - info: ::1
2018-03-06T00:06:50.521Z - info: auth_checker: req: [object Object]
2018-03-06T00:06:50.631Z - info: ::1
2018-03-06T00:07:05.839Z - info: auth_checker: req: [object Object]
2018-03-06T00:07:05.943Z - info: ::1
2018-03-06T00:07:15.041Z - info: auth_checker: req: [object Object]
2018-03-06T00:07:15.129Z - info: ::1
2018-03-06T00:07:26.574Z - info: auth_checker: req: [object Object]
2018-03-06T00:07:26.647Z - info: ::1
2018-03-06T00:07:32.776Z - info: auth_checker: req: [object Object]
2018-03-06T00:07:32.899Z - info: ::1
2018-03-06T00:07:45.226Z - info: auth_checker: req: [object Object]
2018-03-06T00:07:45.470Z - info: ::1
2018-03-06T00:08:13.454Z - info: auth_checker: req: [object Object]
2018-03-06T00:08:16.255Z - info: ::1
2018-03-06T00:08:41.762Z - info: auth_checker: req: [object Object]
2018-03-06T00:08:41.935Z - info: ::1
2018-03-06T00:10:49.194Z - info: auth_checker: req: [object Object]
2018-03-06T00:10:49.285Z - info: ::1
2018-03-06T00:11:10.238Z - info: auth_checker: req: [object Object]
2018-03-06T00:11:11.005Z - info: ::1
2018-03-06T00:12:07.925Z - info: auth_checker: req: [object Object]
2018-03-06T00:12:08.046Z - info: ::1
2018-03-06T00:12:32.455Z - info: auth_checker: req: [object Object]
2018-03-06T00:12:33.388Z - info: ::1
2018-03-06T00:13:04.958Z - info: auth_checker: req: [object Object]
2018-03-06T00:13:29.752Z - info: auth_checker: req: [object Object]
2018-03-06T00:13:33.609Z - info: 
2018-03-06T00:13:34.036Z - info: 
2018-03-06T00:13:35.293Z - info: auth_checker: req: [object Object]
2018-03-06T00:13:35.518Z - info: ::1
2018-03-06T00:14:05.665Z - info: auth_checker: req: [object Object]
2018-03-06T00:14:05.835Z - info: ::1
2018-03-06T00:14:57.975Z - info: auth_checker: req: [object Object]
2018-03-06T00:14:58.101Z - info: ::1
2018-03-06T00:15:36.504Z - info: auth_checker: req: [object Object]
2018-03-06T00:15:36.593Z - info: ::1
2018-03-06T00:16:15.689Z - info: auth_checker: req: [object Object]
2018-03-06T00:16:15.782Z - info: ::1
2018-03-06T00:16:23.794Z - info: auth_checker: req: [object Object]
2018-03-06T00:16:24.921Z - info: ::1
2018-03-06T00:16:46.423Z - info: auth_checker: req: [object Object]
2018-03-06T00:16:47.644Z - info: ::1
2018-03-06T00:17:43.628Z - info: auth_checker: req: [object Object]
2018-03-06T00:17:43.727Z - info: ::1
2018-03-06T00:18:13.431Z - info: auth_checker: req: [object Object]
2018-03-06T00:18:13.516Z - info: ::1
2018-03-06T00:18:30.395Z - info: auth_checker: req: [object Object]
2018-03-06T00:18:30.520Z - info: ::1
2018-03-06T00:18:48.485Z - info: auth_checker: req: [object Object]
2018-03-06T00:18:48.632Z - info: ::1
2018-03-06T00:19:18.076Z - info: auth_checker: req: [object Object]
2018-03-06T00:19:18.175Z - info: ::1
2018-03-06T00:19:33.935Z - info: auth_checker: req: [object Object]
2018-03-06T00:19:34.029Z - info: ::1
2018-03-06T00:19:37.893Z - info: auth_checker: req: [object Object]
2018-03-06T00:19:38.095Z - info: ::1
2018-03-06T00:19:51.321Z - info: auth_checker: req: [object Object]
2018-03-06T00:19:51.459Z - info: ::1
2018-03-06T00:20:01.273Z - info: auth_checker: req: [object Object]
2018-03-06T00:20:02.057Z - info: ::1
2018-03-06T00:21:05.818Z - info: auth_checker: req: [object Object]
2018-03-06T00:21:05.921Z - info: ::1
2018-03-06T00:22:04.868Z - info: auth_checker: req: [object Object]
2018-03-06T00:22:04.962Z - info: ::1
2018-03-06T00:24:55.479Z - info: auth_checker: req: [object Object]
2018-03-06T00:24:55.670Z - info: ::1
2018-03-06T00:25:10.380Z - info: auth_checker: req: [object Object]
2018-03-06T00:25:10.513Z - info: ::1
2018-03-06T00:25:17.268Z - info: auth_checker: req: [object Object]
2018-03-06T00:25:17.393Z - info: ::1
2018-03-06T00:26:21.748Z - info: auth_checker: req: [object Object]
2018-03-06T00:26:21.850Z - info: ::1
2018-03-06T00:26:32.420Z - info: auth_checker: req: [object Object]
2018-03-06T00:26:32.544Z - info: ::1
2018-03-06T00:26:49.859Z - info: auth_checker: req: [object Object]
2018-03-06T00:26:50.017Z - info: ::1
2018-03-06T00:27:11.406Z - info: auth_checker: req: [object Object]
2018-03-06T00:27:11.552Z - info: ::1
2018-03-06T00:28:04.199Z - info: auth_checker: req: [object Object]
2018-03-06T00:28:04.343Z - info: ::1
2018-03-06T00:28:04.540Z - info: auth_checker: req: [object Object]
2018-03-06T00:28:05.486Z - info: ::1
2018-03-06T00:29:05.707Z - info: auth_checker: req: [object Object]
2018-03-06T00:29:06.547Z - info: ::ffff:127.0.0.1
2018-03-06T00:29:20.046Z - info: auth_checker: req: [object Object]
2018-03-06T00:29:20.157Z - info: ::ffff:127.0.0.1
2018-03-06T00:30:13.197Z - info: auth_checker: req: [object Object]
2018-03-06T00:30:13.286Z - info: ::ffff:127.0.0.1
2018-03-06T00:30:18.404Z - info: auth_checker: req: [object Object]
2018-03-06T00:30:18.519Z - info: ::ffff:127.0.0.1
2018-03-06T00:30:33.640Z - info: auth_checker: req: [object Object]
2018-03-06T00:30:33.803Z - info: ::ffff:127.0.0.1
2018-03-06T00:35:26.767Z - info: auth_checker: req: [object Object]
2018-03-06T00:35:27.530Z - info: ::1
2018-03-06T00:35:27.592Z - info: auth_checker: req: [object Object]
2018-03-06T00:35:27.966Z - info: ::1
2018-03-06T00:35:30.302Z - info: auth_checker: req: [object Object]
2018-03-06T00:35:30.864Z - info: ::1
2018-03-06T00:35:31.375Z - info: auth_checker: req: [object Object]
2018-03-06T00:35:31.471Z - info: ::1
2018-03-06T00:35:32.979Z - info: auth_checker: req: [object Object]
2018-03-06T00:35:33.072Z - info: ::1
2018-03-06T04:18:22.364Z - info: auth_checker: req: [object Object]
2018-03-06T04:18:22.483Z - info: ::1
2018-03-06T04:18:26.631Z - info: auth_checker: req: [object Object]
2018-03-06T04:18:26.715Z - info: ::1
2018-03-06T07:29:16.420Z - info:  email=uu@uu.com, password=12345678
2018-03-06T07:29:16.611Z - info: auth_checker: req: [object Object]
2018-03-06T07:29:16.699Z - info: ::1
2018-03-06T07:29:25.181Z - info:  email=qq@qq.com, password=12345678
2018-03-06T07:29:25.371Z - info: auth_checker: req: [object Object]
2018-03-06T07:29:25.540Z - info: ::1
2018-03-06T07:31:24.167Z - info: auth_checker: req: [object Object]
2018-03-06T07:31:24.258Z - info: ::1
2018-03-06T07:41:13.492Z - info: auth_checker: req: [object Object]
2018-03-06T07:41:13.585Z - info: ::1
2018-03-06T19:56:03.800Z - info: auth_checker: req: [object Object]
2018-03-06T19:56:03.925Z - info: ::1
2018-03-06T20:00:02.541Z - info: auth_checker: req: [object Object]
2018-03-06T20:00:02.662Z - info: ::1
2018-03-06T20:03:27.363Z - info: auth_checker: req: [object Object]
2018-03-06T20:03:27.434Z - info: ::1
2018-03-06T20:06:26.336Z - info: auth_checker: req: [object Object]
2018-03-06T20:06:26.416Z - info: ::1
2018-03-06T20:13:13.218Z - info: auth_checker: req: [object Object]
2018-03-06T20:13:13.404Z - info: ::1
2018-03-06T21:11:44.721Z - info: auth_checker: req: [object Object]
2018-03-06T21:11:44.805Z - info: ::1
2018-03-06T21:14:40.316Z - info: auth_checker: req: [object Object]
2018-03-06T21:14:40.402Z - info: ::1
2018-03-06T21:16:40.324Z - info: auth_checker: req: [object Object]
2018-03-06T21:16:40.401Z - info: ::1
2018-03-06T21:28:50.192Z - info: auth_checker: req: [object Object]
2018-03-06T21:28:50.279Z - info: ::1
2018-03-06T21:30:01.254Z - info: auth_checker: req: [object Object]
2018-03-06T21:30:01.329Z - info: ::1
2018-03-06T21:31:34.538Z - info: auth_checker: req: [object Object]
2018-03-06T21:31:34.627Z - info: ::1
2018-03-06T21:31:41.145Z - info: auth_checker: req: [object Object]
2018-03-06T21:31:41.230Z - info: ::1
2018-03-06T21:32:17.067Z - info: auth_checker: req: [object Object]
2018-03-06T21:32:17.143Z - info: ::1
2018-03-06T21:33:17.026Z - info: auth_checker: req: [object Object]
2018-03-06T21:33:17.109Z - info: ::1
2018-03-06T21:36:24.315Z - info: auth_checker: req: [object Object]
2018-03-06T21:36:24.391Z - info: ::1
2018-03-06T21:38:08.995Z - info: auth_checker: req: [object Object]
2018-03-06T21:38:09.084Z - info: ::1
2018-03-06T21:40:36.951Z - info: auth_checker: req: [object Object]
2018-03-06T21:40:37.030Z - info: ::1
2018-03-06T21:44:43.976Z - info: auth_checker: req: [object Object]
2018-03-06T21:44:44.054Z - info: ::1
2018-03-06T21:46:08.372Z - info: auth_checker: req: [object Object]
2018-03-06T21:46:08.557Z - info: ::1
2018-03-06T21:48:47.251Z - info: auth_checker: req: [object Object]
2018-03-06T21:48:47.342Z - info: ::1
2018-03-06T21:49:35.076Z - info: auth_checker: req: [object Object]
2018-03-06T21:49:35.153Z - info: ::1
2018-03-06T21:52:03.363Z - info: auth_checker: req: [object Object]
2018-03-06T21:52:03.463Z - info: ::1
2018-03-06T21:56:54.556Z - info: auth_checker: req: [object Object]
2018-03-06T21:56:54.631Z - info: ::1
2018-03-06T22:01:11.050Z - info: auth_checker: req: [object Object]
2018-03-06T22:01:11.159Z - info: ::1
2018-03-06T22:02:51.392Z - info: auth_checker: req: [object Object]
2018-03-06T22:02:51.608Z - info: ::1
2018-03-06T22:05:36.083Z - info: auth_checker: req: [object Object]
2018-03-06T22:05:36.677Z - info: ::1
2018-03-06T22:06:19.201Z - info: auth_checker: req: [object Object]
2018-03-06T22:06:19.651Z - info: ::1
2018-03-06T22:23:11.686Z - info: auth_checker: req: [object Object]
2018-03-06T22:23:11.786Z - info: ::1
2018-03-06T22:30:08.162Z - info: auth_checker: req: [object Object]
2018-03-06T22:30:08.273Z - info: ::1
2018-03-06T22:31:15.866Z - info: auth_checker: req: [object Object]
2018-03-06T22:31:15.938Z - info: ::1
2018-03-06T22:35:17.195Z - info: auth_checker: req: [object Object]
2018-03-06T22:35:17.270Z - info: ::1
2018-03-06T23:43:09.016Z - info: auth_checker: req: [object Object]
2018-03-06T23:43:09.202Z - info: ::1
2018-03-06T23:44:25.558Z - info: auth_checker: req: [object Object]
2018-03-06T23:44:29.100Z - info: auth_checker: req: [object Object]
2018-03-06T23:44:30.421Z - info: 
2018-03-06T23:44:34.755Z - info: ::1
2018-03-06T23:46:27.043Z - info: auth_checker: req: [object Object]
2018-03-06T23:46:27.241Z - info: ::1
2018-03-06T23:49:07.178Z - info: auth_checker: req: [object Object]
2018-03-06T23:49:08.748Z - info: ::1
2018-03-06T23:49:33.797Z - info: auth_checker: req: [object Object]
2018-03-06T23:49:34.710Z - info: ::1
2018-03-06T23:50:15.520Z - info: auth_checker: req: [object Object]
2018-03-06T23:50:15.603Z - info: ::1
2018-03-07T00:00:47.638Z - info: auth_checker: req: [object Object]
2018-03-07T00:00:47.730Z - info: ::1
2018-03-07T00:01:52.746Z - info: auth_checker: req: [object Object]
2018-03-07T00:01:52.930Z - info: ::1
2018-03-07T00:03:07.543Z - info: auth_checker: req: [object Object]
2018-03-07T00:03:07.780Z - info: ::1
2018-03-07T00:03:47.453Z - info: auth_checker: req: [object Object]
2018-03-07T00:03:47.599Z - info: ::1
2018-03-07T00:07:26.886Z - info: auth_checker: req: [object Object]
2018-03-07T00:07:27.006Z - info: ::1
2018-03-07T00:07:52.266Z - info: auth_checker: req: [object Object]
2018-03-07T00:07:52.357Z - info: ::1
2018-03-07T00:08:06.404Z - info: auth_checker: req: [object Object]
2018-03-07T00:08:06.484Z - info: ::1
2018-03-07T00:08:07.036Z - info: auth_checker: req: [object Object]
2018-03-07T00:08:07.165Z - info: ::1
2018-03-07T00:10:03.377Z - info: auth_checker: req: [object Object]
2018-03-07T00:10:03.462Z - info: ::1
2018-03-07T00:10:27.619Z - info: auth_checker: req: [object Object]
2018-03-07T00:10:27.859Z - info: ::1
2018-03-07T00:10:40.165Z - info: auth_checker: req: [object Object]
2018-03-07T00:10:40.238Z - info: ::1
2018-03-07T00:10:44.216Z - info: auth_checker: req: [object Object]
2018-03-07T00:10:44.291Z - info: ::1
2018-03-07T00:10:53.276Z - info: auth_checker: req: [object Object]
2018-03-07T00:10:53.390Z - info: ::1
2018-03-07T00:12:29.818Z - info: auth_checker: req: [object Object]
2018-03-07T00:12:29.915Z - info: ::1
2018-03-07T00:13:23.304Z - info: auth_checker: req: [object Object]
2018-03-07T00:13:23.388Z - info: ::1
2018-03-07T00:15:32.688Z - info: auth_checker: req: [object Object]
2018-03-07T00:15:32.783Z - info: ::1
2018-03-07T00:15:35.155Z - info: auth_checker: req: [object Object]
2018-03-07T00:15:35.233Z - info: ::1
2018-03-07T00:18:23.969Z - info: auth_checker: req: [object Object]
2018-03-07T00:18:24.260Z - info: ::1
2018-03-07T00:18:26.953Z - info: auth_checker: req: [object Object]
2018-03-07T00:18:27.140Z - info: ::1
2018-03-07T00:18:27.496Z - info: auth_checker: req: [object Object]
2018-03-07T00:18:27.633Z - info: ::1
2018-03-07T00:21:56.429Z - info: auth_checker: req: [object Object]
2018-03-07T00:21:56.620Z - info: ::1
2018-03-07T00:25:05.841Z - info: auth_checker: req: [object Object]
2018-03-07T00:25:07.573Z - info: ::1
2018-03-07T00:25:18.384Z - info: auth_checker: req: [object Object]
2018-03-07T00:25:19.026Z - info: ::1
2018-03-07T00:25:39.857Z - info: auth_checker: req: [object Object]
2018-03-07T00:25:39.957Z - info: ::1
2018-03-07T00:25:41.526Z - info: auth_checker: req: [object Object]
2018-03-07T00:25:41.712Z - info: ::1
2018-03-07T00:33:01.321Z - info: auth_checker: req: [object Object]
2018-03-07T00:33:01.404Z - info: ::1
2018-03-07T00:33:12.101Z - info: auth_checker: req: [object Object]
2018-03-07T00:33:12.199Z - info: ::1
2018-03-07T00:33:13.665Z - info: auth_checker: req: [object Object]
2018-03-07T00:33:13.896Z - info: ::1
2018-03-07T00:33:14.157Z - info: auth_checker: req: [object Object]
2018-03-07T00:33:14.229Z - info: ::1
2018-03-07T00:33:15.510Z - info: auth_checker: req: [object Object]
2018-03-07T00:33:15.604Z - info: ::1
2018-03-07T00:36:28.993Z - info: auth_checker: req: [object Object]
2018-03-07T00:36:29.193Z - info: ::1
2018-03-07T00:36:33.909Z - info: auth_checker: req: [object Object]
2018-03-07T00:36:34.928Z - info: ::1
2018-03-07T00:36:40.032Z - info: auth_checker: req: [object Object]
2018-03-07T00:36:41.367Z - info: ::1
2018-03-07T00:36:55.664Z - info: auth_checker: req: [object Object]
2018-03-07T00:36:58.370Z - info: ::1
2018-03-07T00:36:58.389Z - info: auth_checker: req: [object Object]
2018-03-07T00:36:59.196Z - info: ::1
2018-03-07T00:38:57.475Z - info: auth_checker: req: [object Object]
2018-03-07T00:38:57.661Z - info: ::1
2018-03-07T01:08:26.360Z - info: auth_checker: req: [object Object]
2018-03-07T01:08:26.441Z - info: ::1
2018-03-07T01:08:33.097Z - info: auth_checker: req: [object Object]
2018-03-07T01:08:33.410Z - info: ::1
2018-03-07T01:08:39.263Z - info: auth_checker: req: [object Object]
2018-03-07T01:08:39.398Z - info: ::1
2018-03-07T01:08:48.199Z - info: auth_checker: req: [object Object]
2018-03-07T01:08:48.269Z - info: ::1
2018-03-07T01:08:54.101Z - info: auth_checker: req: [object Object]
2018-03-07T01:08:54.189Z - info: ::1
2018-03-07T01:08:54.205Z - info: auth_checker: req: [object Object]
2018-03-07T01:08:54.275Z - info: ::1
2018-03-07T01:08:58.325Z - info: auth_checker: req: [object Object]
2018-03-07T18:31:50.068Z - info: auth_checker: req: [object Object]
2018-03-07T18:31:50.161Z - info: ::1
2018-03-08T08:20:19.184Z - info: auth_checker: req: [object Object]
2018-03-08T08:20:19.290Z - info: ::1
2018-03-09T06:57:33.468Z - info: auth_checker: req: [object Object]
2018-03-09T06:57:33.569Z - info: ::1
2018-03-09T06:57:46.390Z - info: auth_checker: req: [object Object]
2018-03-09T06:57:46.475Z - info: ::1
2018-03-09T06:57:53.874Z - info: auth_checker: req: [object Object]
2018-03-09T06:57:53.961Z - info: ::1
2018-03-09T06:57:56.915Z - info: auth_checker: req: [object Object]
2018-03-09T06:57:57.003Z - info: ::1
2018-03-09T19:44:05.702Z - info: auth_checker: req: [object Object]
2018-03-09T19:44:05.800Z - info: ::1
2018-03-09T19:55:15.013Z - info: auth_checker: req: [object Object]
2018-03-09T19:55:15.121Z - info: ::1
2018-03-09T19:55:35.581Z - info: auth_checker: req: [object Object]
2018-03-09T19:55:35.676Z - info: ::1
2018-03-09T19:55:36.211Z - info: auth_checker: req: [object Object]
2018-03-09T19:55:36.296Z - info: ::1
2018-03-09T19:55:43.245Z - info: auth_checker: req: [object Object]
2018-03-09T19:55:43.335Z - info: ::1
2018-03-09T19:55:45.771Z - info: auth_checker: req: [object Object]
2018-03-09T19:55:45.856Z - info: ::1
2018-03-09T19:55:49.319Z - info: auth_checker: req: [object Object]
2018-03-09T19:55:49.405Z - info: ::1
2018-03-09T19:55:51.243Z - info: auth_checker: req: [object Object]
2018-03-09T19:55:51.324Z - info: ::1
2018-03-09T19:56:32.049Z - info: auth_checker: req: [object Object]
2018-03-09T19:56:32.136Z - info: ::1
2018-03-09T19:57:09.115Z - info: auth_checker: req: [object Object]
2018-03-09T19:57:09.201Z - info: ::1
2018-03-09T19:57:20.257Z - info: auth_checker: req: [object Object]
2018-03-09T19:57:20.338Z - info: ::1
2018-03-09T19:57:37.053Z - info: auth_checker: req: [object Object]
2018-03-09T19:57:37.140Z - info: ::1
2018-03-09T19:57:40.960Z - info: auth_checker: req: [object Object]
2018-03-09T19:57:41.043Z - info: ::1
2018-03-09T19:57:45.398Z - info: auth_checker: req: [object Object]
2018-03-09T19:57:45.479Z - info: ::1
2018-03-10T07:02:21.304Z - info: auth_checker: req: [object Object]
2018-03-10T07:02:21.444Z - info: ::1
2018-03-10T07:02:37.774Z - info: auth_checker: req: [object Object]
2018-03-10T07:02:37.922Z - info: ::1
2018-03-10T19:23:58.125Z - info: auth_checker: req: [object Object]
2018-03-10T19:23:59.280Z - info: ::1
2018-03-10T19:24:09.097Z - info: auth_checker: req: [object Object]
2018-03-10T19:24:09.200Z - info: Logging news click from qq@qq.com
2018-03-10T19:24:17.859Z - info: auth_checker: req: [object Object]
2018-03-10T19:24:25.965Z - info: auth_checker: req: [object Object]
2018-03-10T19:24:28.230Z - info: ::1
2018-03-10T19:24:28.247Z - info: auth_checker: req: [object Object]
2018-03-10T19:24:28.486Z - info: ::1
2018-03-10T19:24:32.524Z - info: auth_checker: req: [object Object]
2018-03-10T19:24:32.782Z - info: ::1
2018-03-10T19:24:35.294Z - info: auth_checker: req: [object Object]
2018-03-10T19:24:37.759Z - info: auth_checker: req: [object Object]
2018-03-10T19:24:38.240Z - info: Logging news click from qq@qq.com
2018-03-10T19:24:40.849Z - info: ::1
2018-03-10T19:24:40.866Z - info: auth_checker: req: [object Object]
2018-03-10T19:24:42.740Z - info: ::1
2018-03-10T19:24:50.799Z - info: auth_checker: req: [object Object]
2018-03-10T19:24:53.838Z - info: ::1
2018-03-10T19:24:53.855Z - info: auth_checker: req: [object Object]
2018-03-10T19:24:56.166Z - info: ::1
2018-03-10T19:25:08.758Z - info: auth_checker: req: [object Object]
2018-03-10T19:25:10.778Z - info: ::1
2018-03-10T19:25:10.811Z - info: auth_checker: req: [object Object]
2018-03-10T19:25:12.936Z - info: ::1
2018-03-10T19:25:22.984Z - info: auth_checker: req: [object Object]
2018-03-10T19:25:23.988Z - info: ::1
2018-03-10T19:25:24.006Z - info: auth_checker: req: [object Object]
2018-03-10T19:25:24.120Z - info: ::1
2018-03-10T19:26:09.106Z - info: auth_checker: req: [object Object]
2018-03-10T19:26:09.328Z - info: Logging news click from qq@qq.com
2018-03-10T19:26:37.773Z - info: auth_checker: req: [object Object]
2018-03-10T19:26:37.889Z - info: Logging news click from qq@qq.com
2018-03-10T19:26:45.307Z - info: auth_checker: req: [object Object]
2018-03-10T19:26:45.418Z - info: ::1
2018-03-10T19:26:56.798Z - info: auth_checker: req: [object Object]
2018-03-10T19:26:56.908Z - info: ::1
2018-03-10T19:26:59.195Z - info: auth_checker: req: [object Object]
2018-03-10T19:26:59.277Z - info: ::1
2018-03-10T19:27:01.042Z - info: auth_checker: req: [object Object]
2018-03-10T19:27:01.134Z - info: ::1
2018-03-10T19:27:04.108Z - info: auth_checker: req: [object Object]
2018-03-10T19:27:04.190Z - info: ::1
2018-03-10T19:27:06.862Z - info: auth_checker: req: [object Object]
2018-03-10T19:27:06.983Z - info: ::1
2018-03-10T19:27:09.754Z - info: auth_checker: req: [object Object]
2018-03-10T19:27:09.868Z - info: ::1
2018-03-10T19:27:12.138Z - info: auth_checker: req: [object Object]
2018-03-10T19:27:12.241Z - info: ::1
2018-03-10T19:27:14.214Z - info: auth_checker: req: [object Object]
2018-03-10T19:27:14.324Z - info: ::1
2018-03-10T19:27:56.346Z - info: auth_checker: req: [object Object]
2018-03-10T19:27:56.456Z - info: ::1
2018-03-10T19:53:21.837Z - info: auth_checker: req: [object Object]
2018-03-10T19:53:21.940Z - info: ::1
2018-03-10T19:54:14.319Z - info: auth_checker: req: [object Object]
2018-03-10T19:54:14.459Z - info: ::1
2018-03-10T19:55:01.819Z - info: auth_checker: req: [object Object]
2018-03-10T19:55:01.900Z - info: ::1
2018-03-10T20:32:52.273Z - info:  email=xxx@qq.com, password=12345678
2018-03-10T20:32:52.504Z - info: auth_checker: req: [object Object]
2018-03-10T20:32:52.596Z - info: ::1
2018-03-10T20:33:34.809Z - info: auth_checker: req: [object Object]
2018-03-10T20:33:34.891Z - info: ::1
2018-03-10T20:33:40.407Z - info: auth_checker: req: [object Object]
2018-03-10T20:33:40.552Z - info: ::1
2018-03-10T20:33:42.802Z - info: auth_checker: req: [object Object]
2018-03-10T20:33:42.928Z - info: ::1
2018-03-10T20:38:25.733Z - info: auth_checker: req: [object Object]
2018-03-10T20:38:25.889Z - info: ::1
2018-03-10T20:39:39.357Z - info: auth_checker: req: [object Object]
2018-03-10T20:39:39.496Z - info: ::1
2018-03-10T20:39:51.075Z - info: auth_checker: req: [object Object]
2018-03-10T20:39:51.152Z - info: ::1
2018-03-10T20:40:03.974Z - info: auth_checker: req: [object Object]
2018-03-10T20:40:04.080Z - info: ::1
2018-03-10T20:40:06.273Z - info: auth_checker: req: [object Object]
2018-03-10T20:40:06.367Z - info: ::1
2018-03-10T20:40:06.488Z - info: auth_checker: req: [object Object]
2018-03-10T20:40:06.568Z - info: Logging news click from xxx@qq.com
2018-03-10T20:40:20.378Z - info: auth_checker: req: [object Object]
2018-03-10T20:40:20.458Z - info: ::1
2018-03-10T20:40:33.860Z - info: auth_checker: req: [object Object]
2018-03-10T20:40:42.709Z - info: auth_checker: req: [object Object]
2018-03-10T20:40:42.803Z - info: ::1
2018-03-10T20:40:53.824Z - info: auth_checker: req: [object Object]
2018-03-10T20:40:53.900Z - info: ::1
2018-03-10T20:40:54.457Z - info: auth_checker: req: [object Object]
2018-03-10T20:40:54.532Z - info: ::1
2018-03-10T20:41:12.723Z - info: auth_checker: req: [object Object]
2018-03-10T20:41:12.794Z - info: ::1
2018-03-10T20:41:13.555Z - info: auth_checker: req: [object Object]
2018-03-10T20:41:13.627Z - info: ::1
2018-03-10T20:41:19.622Z - info: auth_checker: req: [object Object]
2018-03-10T20:41:19.692Z - info: Logging news click from xxx@qq.com
2018-03-10T20:41:33.158Z - info: auth_checker: req: [object Object]
2018-03-10T20:41:33.230Z - info: ::1
2018-03-10T20:41:37.330Z - info: auth_checker: req: [object Object]
2018-03-10T20:41:37.404Z - info: Logging news click from xxx@qq.com
2018-03-10T20:43:39.981Z - info: auth_checker: req: [object Object]
2018-03-10T20:43:40.052Z - info: ::1
2018-03-10T21:07:08.560Z - info: auth_checker: req: [object Object]
2018-03-10T21:07:08.641Z - info: ::1
2018-03-10T21:36:18.897Z - info: auth_checker: req: [object Object]
2018-03-10T21:36:18.971Z - info: ::1
2018-03-10T21:36:29.250Z - info: auth_checker: req: [object Object]
2018-03-10T21:36:29.327Z - info: ::1
2018-03-10T21:36:33.818Z - info: auth_checker: req: [object Object]
2018-03-10T21:36:33.901Z - info: ::1
2018-03-10T21:36:36.597Z - info: auth_checker: req: [object Object]
2018-03-10T21:36:36.733Z - info: ::1
2018-03-10T21:37:01.784Z - info: auth_checker: req: [object Object]
2018-03-10T21:37:01.875Z - info: ::1
2018-03-10T21:54:12.541Z - info: auth_checker: req: [object Object]
2018-03-10T21:54:12.619Z - info: ::1
2018-03-10T21:56:14.735Z - info: auth_checker: req: [object Object]
2018-03-10T21:56:14.810Z - info: ::1
2018-03-10T21:58:13.275Z - info: auth_checker: req: [object Object]
2018-03-10T21:58:13.344Z - info: ::1
2018-03-10T21:58:27.649Z - info: auth_checker: req: [object Object]
2018-03-10T21:58:27.719Z - info: ::1
2018-03-10T23:40:17.549Z - info: auth_checker: req: [object Object]
2018-03-10T23:40:17.776Z - info: ::1
2018-03-12T08:47:02.894Z - info: auth_checker: req: [object Object]
2018-03-12T08:47:03.285Z - info: ::1
2018-03-12T18:38:33.689Z - info: auth_checker: req: [object Object]
2018-03-12T18:38:33.894Z - info: ::1
2018-03-12T18:55:55.937Z - info: auth_checker: req: [object Object]
2018-03-12T18:55:57.596Z - info: ::1
2018-03-12T18:56:28.063Z - info: auth_checker: req: [object Object]
2018-03-12T18:56:29.568Z - info: ::1
2018-03-12T18:56:58.530Z - info: auth_checker: req: [object Object]
2018-03-12T18:57:01.069Z - info: Logging news click from xxx@qq.com
2018-03-12T18:57:05.040Z - info: auth_checker: req: [object Object]
2018-03-12T18:57:05.132Z - info: ::1
2018-03-12T18:57:15.545Z - info: auth_checker: req: [object Object]
2018-03-12T18:57:15.761Z - info: ::1
2018-03-12T18:57:21.700Z - info: auth_checker: req: [object Object]
2018-03-12T18:57:21.795Z - info: ::1
2018-03-12T18:57:24.383Z - info: auth_checker: req: [object Object]
2018-03-12T18:57:24.462Z - info: Logging news click from xxx@qq.com
2018-03-12T18:57:27.624Z - info: auth_checker: req: [object Object]
2018-03-12T18:57:27.701Z - info: Logging news click from xxx@qq.com
2018-03-12T18:57:29.828Z - info: auth_checker: req: [object Object]
2018-03-12T18:57:29.915Z - info: Logging news click from xxx@qq.com
2018-03-12T18:57:37.189Z - info: auth_checker: req: [object Object]
2018-03-12T18:57:37.377Z - info: ::1
2018-03-12T18:57:37.891Z - info: auth_checker: req: [object Object]
2018-03-12T18:57:37.980Z - info: ::1
2018-03-12T18:57:38.806Z - info: auth_checker: req: [object Object]
2018-03-12T18:57:38.899Z - info: Logging news click from xxx@qq.com
2018-03-12T18:57:51.474Z - info: auth_checker: req: [object Object]
2018-03-12T18:57:51.545Z - info: Logging news click from xxx@qq.com
2018-03-12T18:58:13.664Z - info: auth_checker: req: [object Object]
2018-03-12T18:58:13.738Z - info: ::1
2018-03-12T18:58:15.302Z - info: auth_checker: req: [object Object]
2018-03-12T18:58:15.414Z - info: Logging news click from xxx@qq.com
2018-03-12T18:58:19.406Z - info: auth_checker: req: [object Object]
2018-03-12T18:58:19.500Z - info: Logging news click from xxx@qq.com
2018-03-12T18:58:25.392Z - info: auth_checker: req: [object Object]
2018-03-12T18:58:25.460Z - info: ::1
2018-03-12T18:58:27.231Z - info: auth_checker: req: [object Object]
2018-03-12T18:58:27.302Z - info: ::1
2018-03-12T18:58:28.892Z - info: auth_checker: req: [object Object]
2018-03-12T18:58:28.968Z - info: ::1
2018-03-12T18:58:30.687Z - info: auth_checker: req: [object Object]
2018-03-12T18:58:30.761Z - info: ::1
2018-03-12T18:58:32.686Z - info: auth_checker: req: [object Object]
2018-03-12T18:58:32.761Z - info: ::1
2018-03-12T18:58:34.219Z - info: auth_checker: req: [object Object]
2018-03-12T18:58:34.295Z - info: ::1
2018-03-12T18:58:35.135Z - info: auth_checker: req: [object Object]
2018-03-12T18:58:35.231Z - info: Logging news click from xxx@qq.com
2018-03-12T18:58:43.302Z - info: auth_checker: req: [object Object]
2018-03-12T18:58:43.372Z - info: Logging news click from xxx@qq.com
2018-03-12T18:58:50.468Z - info: auth_checker: req: [object Object]
2018-03-12T19:00:13.993Z - info: auth_checker: req: [object Object]
2018-03-12T19:00:14.064Z - info: ::1
2018-03-12T19:06:01.859Z - info: auth_checker: req: [object Object]
2018-03-12T19:06:01.933Z - info: ::1
2018-03-12T19:09:45.977Z - info: auth_checker: req: [object Object]
2018-03-12T19:09:46.068Z - info: ::1
2018-03-12T19:09:50.109Z - info: auth_checker: req: [object Object]
2018-03-12T19:09:50.188Z - info: Logging news click from xxx@qq.com
2018-03-12T19:10:08.728Z - info: auth_checker: req: [object Object]
2018-03-12T19:10:08.820Z - info: Logging news click from xxx@qq.com
2018-03-12T19:10:24.435Z - info: auth_checker: req: [object Object]
2018-03-12T19:10:24.519Z - info: ::1
2018-03-12T19:10:46.613Z - info: auth_checker: req: [object Object]
2018-03-12T19:10:46.687Z - info: ::1
2018-03-12T19:11:50.119Z - info: auth_checker: req: [object Object]
2018-03-12T19:11:50.194Z - info: Logging news click from xxx@qq.com
2018-03-12T19:12:08.740Z - info: auth_checker: req: [object Object]
2018-03-12T19:12:08.828Z - info: Logging news click from xxx@qq.com
2018-03-12T19:47:45.527Z - info: auth_checker: req: [object Object]
2018-03-12T19:47:56.757Z - info: ::1
2018-03-12T21:56:45.891Z - info: auth_checker: req: [object Object]
2018-03-12T21:56:46.021Z - info: ::1
2018-03-12T21:56:50.548Z - info: auth_checker: req: [object Object]
2018-03-12T21:56:50.633Z - info: ::1
2018-03-12T21:56:53.034Z - info: auth_checker: req: [object Object]
2018-03-12T21:56:53.306Z - info: ::1
2018-03-12T21:56:53.630Z - info: auth_checker: req: [object Object]
2018-03-12T21:56:53.838Z - info: ::1
2018-03-12T21:56:54.699Z - info: auth_checker: req: [object Object]
2018-03-12T22:11:18.494Z - info: auth_checker: req: [object Object]
2018-03-12T22:14:59.211Z - info: auth_checker: req: [object Object]
2018-03-12T22:14:59.407Z - info: ::1
2018-03-12T22:15:27.481Z - info: auth_checker: req: [object Object]
2018-03-12T22:15:27.553Z - info: ::1
2018-03-12T22:15:34.712Z - info: auth_checker: req: [object Object]
2018-03-12T22:15:34.796Z - info: ::1
2018-03-12T22:15:39.798Z - info: auth_checker: req: [object Object]
2018-03-12T22:15:39.870Z - info: ::1
2018-03-12T22:17:18.126Z - info: auth_checker: req: [object Object]
2018-03-12T22:17:18.221Z - info: ::1
2018-03-12T22:17:32.821Z - info: auth_checker: req: [object Object]
2018-03-12T22:17:32.928Z - info: ::1
2018-03-12T22:20:41.156Z - info: auth_checker: req: [object Object]
2018-03-12T22:20:41.234Z - info: ::1
2018-03-12T22:25:00.042Z - info: auth_checker: req: [object Object]
2018-03-12T22:25:00.122Z - info: ::1
2018-03-12T22:30:35.110Z - info: auth_checker: req: [object Object]
2018-03-12T22:30:35.183Z - info: ::1
2018-03-12T22:30:39.238Z - info: auth_checker: req: [object Object]
2018-03-12T22:30:39.310Z - info: ::1
2018-03-12T22:35:01.871Z - info: auth_checker: req: [object Object]
2018-03-12T22:35:01.964Z - info: ::1
2018-03-12T22:36:08.901Z - info: auth_checker: req: [object Object]
2018-03-12T22:36:08.993Z - info: ::1
2018-03-12T22:36:15.076Z - info: auth_checker: req: [object Object]
2018-03-12T22:36:15.151Z - info: ::1
2018-03-12T22:37:41.068Z - info: auth_checker: req: [object Object]
2018-03-12T22:37:41.194Z - info: ::1
2018-03-12T22:37:45.622Z - info: auth_checker: req: [object Object]
2018-03-12T22:37:45.706Z - info: ::1
2018-03-12T22:38:53.378Z - info: auth_checker: req: [object Object]
2018-03-12T22:38:53.458Z - info: ::1
2018-03-12T22:39:21.957Z - info: auth_checker: req: [object Object]
2018-03-12T22:39:22.110Z - info: 
2018-03-12T22:39:56.288Z - info: auth_checker: req: [object Object]
2018-03-12T22:39:56.522Z - info: ::1
2018-03-12T22:42:20.008Z - info: auth_checker: req: [object Object]
2018-03-12T22:42:20.082Z - info: ::1
2018-03-12T22:42:41.486Z - info: auth_checker: req: [object Object]
2018-03-12T22:42:41.556Z - info: ::1
2018-03-12T22:42:44.504Z - info: auth_checker: req: [object Object]
2018-03-12T22:42:44.575Z - info: ::1
2018-03-12T22:42:47.552Z - info: auth_checker: req: [object Object]
2018-03-12T22:42:47.635Z - info: ::1
2018-03-12T22:42:49.861Z - info: auth_checker: req: [object Object]
2018-03-12T22:42:49.940Z - info: ::1
2018-03-12T22:42:55.096Z - info: auth_checker: req: [object Object]
2018-03-12T22:42:55.168Z - info: ::1
2018-03-12T22:43:43.673Z - info:  email=qq@qq.com, password=12345678
2018-03-12T22:43:46.705Z - info: auth_checker: req: [object Object]
2018-03-12T22:43:46.776Z - info: ::1
2018-03-12T22:44:07.424Z - info: auth_checker: req: [object Object]
2018-03-12T22:44:07.675Z - info: ::1
2018-03-12T22:44:19.629Z - info: auth_checker: req: [object Object]
2018-03-12T22:44:19.703Z - info: ::1
2018-03-12T22:44:30.800Z - info: auth_checker: req: [object Object]
2018-03-12T22:44:30.868Z - info: ::1
2018-03-12T22:44:55.319Z - info: auth_checker: req: [object Object]
2018-03-12T22:44:55.399Z - info: ::1
2018-03-12T22:44:57.285Z - info: auth_checker: req: [object Object]
2018-03-12T22:44:57.355Z - info: ::1
2018-03-12T22:45:01.649Z - info: auth_checker: req: [object Object]
2018-03-12T22:45:01.718Z - info: ::1
2018-03-12T22:46:35.838Z - info: auth_checker: req: [object Object]
2018-03-12T22:46:37.298Z - info: ::1
2018-03-12T22:46:45.102Z - info: auth_checker: req: [object Object]
2018-03-12T22:46:45.207Z - info: ::1
2018-03-12T22:47:49.882Z - info: auth_checker: req: [object Object]
2018-03-12T22:47:49.952Z - info: ::1
2018-03-12T22:50:48.741Z - info: auth_checker: req: [object Object]
2018-03-12T22:50:48.826Z - info: ::1
2018-03-12T22:50:56.730Z - info: auth_checker: req: [object Object]
2018-03-12T22:50:56.987Z - info: ::1
2018-03-12T22:51:04.239Z - info: auth_checker: req: [object Object]
2018-03-12T22:51:04.325Z - info: ::1
2018-03-12T22:51:56.001Z - info: auth_checker: req: [object Object]
2018-03-12T22:51:56.101Z - info: ::1
2018-03-12T22:51:59.307Z - info: auth_checker: req: [object Object]
2018-03-12T22:51:59.442Z - info: ::1
2018-03-12T22:54:14.161Z - info: auth_checker: req: [object Object]
2018-03-12T22:54:14.340Z - info: ::1
2018-03-12T22:54:26.358Z - info: auth_checker: req: [object Object]
2018-03-12T22:54:26.456Z - info: ::1
2018-03-12T23:02:45.492Z - info: auth_checker: req: [object Object]
2018-03-12T23:02:45.564Z - info: ::1
2018-03-12T23:02:56.860Z - info: auth_checker: req: [object Object]
2018-03-12T23:02:56.929Z - info: ::1
2018-03-12T23:12:35.476Z - info: auth_checker: req: [object Object]
2018-03-12T23:12:35.548Z - info: ::1
2018-03-12T23:12:45.433Z - info: auth_checker: req: [object Object]
2018-03-12T23:12:45.541Z - info: ::1
2018-03-12T23:12:47.115Z - info: auth_checker: req: [object Object]
2018-03-12T23:12:47.189Z - info: ::1
2018-03-12T23:12:48.067Z - info: auth_checker: req: [object Object]
2018-03-12T23:12:48.136Z - info: ::1
2018-03-12T23:13:29.403Z - info: auth_checker: req: [object Object]
2018-03-12T23:13:29.476Z - info: ::1
2018-03-12T23:22:39.893Z - info: auth_checker: req: [object Object]
2018-03-12T23:22:39.969Z - info: ::1
2018-03-12T23:22:42.862Z - info: auth_checker: req: [object Object]
2018-03-12T23:22:42.950Z - info: Logging news click from qq@qq.com
2018-03-12T23:25:18.189Z - info: auth_checker: req: [object Object]
2018-03-12T23:25:18.318Z - info: ::1
2018-03-12T23:25:39.450Z - info:  email=qq@qq.com, password=12345678
2018-03-12T23:25:39.662Z - info: auth_checker: req: [object Object]
2018-03-12T23:25:39.735Z - info: ::ffff:127.0.0.1
2018-03-12T23:26:32.645Z - info: auth_checker: req: [object Object]
2018-03-12T23:26:32.861Z - info: ::ffff:127.0.0.1
2018-03-12T23:29:21.805Z - info: auth_checker: req: [object Object]
2018-03-12T23:29:21.877Z - info: ::1
2018-03-12T23:29:27.464Z - info: auth_checker: req: [object Object]
2018-03-12T23:29:28.064Z - info: ::1
2018-03-12T23:29:30.793Z - info: auth_checker: req: [object Object]
2018-03-12T23:29:30.872Z - info: ::1
2018-03-12T23:29:35.456Z - info: auth_checker: req: [object Object]
2018-03-12T23:29:35.527Z - info: ::1
2018-03-12T23:29:37.414Z - info: auth_checker: req: [object Object]
2018-03-12T23:29:37.493Z - info: ::1
2018-03-12T23:29:40.171Z - info: auth_checker: req: [object Object]
2018-03-12T23:29:40.251Z - info: ::1
2018-03-12T23:42:04.635Z - info: auth_checker: req: [object Object]
2018-03-12T23:42:04.706Z - info: ::1
2018-03-12T23:43:13.849Z - info: auth_checker: req: [object Object]
2018-03-12T23:43:13.922Z - info: ::1
2018-03-12T23:44:14.404Z - info: auth_checker: req: [object Object]
2018-03-12T23:44:14.477Z - info: ::1
2018-03-12T23:44:45.364Z - info: auth_checker: req: [object Object]
2018-03-12T23:44:45.611Z - info: ::1
2018-03-13T00:03:07.132Z - info: auth_checker: req: [object Object]
2018-03-13T00:03:07.234Z - info: ::1
2018-03-13T00:05:12.490Z - info: auth_checker: req: [object Object]
2018-03-13T00:05:12.636Z - info: ::1
2018-03-13T00:05:21.530Z - info: auth_checker: req: [object Object]
2018-03-13T00:05:21.654Z - info: ::1
2018-03-13T00:05:28.850Z - info: auth_checker: req: [object Object]
2018-03-13T00:05:29.586Z - info: ::1
2018-03-13T00:05:41.898Z - info: auth_checker: req: [object Object]
2018-03-13T00:05:41.970Z - info: ::1
2018-03-13T00:05:44.881Z - info: auth_checker: req: [object Object]
2018-03-13T00:05:44.995Z - info: ::1
2018-03-13T00:16:53.400Z - info: auth_checker: req: [object Object]
2018-03-13T00:16:53.500Z - info: ::1
2018-03-13T00:16:56.615Z - info: auth_checker: req: [object Object]
2018-03-13T00:16:57.147Z - info: ::1
2018-03-13T00:16:57.469Z - info: auth_checker: req: [object Object]
2018-03-13T00:16:57.557Z - info: ::1
2018-03-13T00:17:11.534Z - info: auth_checker: req: [object Object]
2018-03-13T00:17:11.621Z - info: ::1
2018-03-13T00:19:14.864Z - info: auth_checker: req: [object Object]
2018-03-13T00:19:15.019Z - info: ::1
2018-03-13T00:19:21.825Z - info: auth_checker: req: [object Object]
2018-03-13T00:19:21.895Z - info: ::1
2018-03-13T00:51:47.987Z - info: auth_checker: req: [object Object]
2018-03-13T00:51:48.092Z - info: ::1
2018-03-13T00:51:54.314Z - info: auth_checker: req: [object Object]
2018-03-13T00:51:54.429Z - info: ::1
2018-03-13T04:01:22.374Z - info: auth_checker: req: [object Object]
2018-03-13T04:01:22.485Z - info: ::1
2018-03-13T04:01:40.440Z - info: auth_checker: req: [object Object]
2018-03-13T04:01:40.535Z - info: ::1
2018-03-13T04:03:34.806Z - info: auth_checker: req: [object Object]
2018-03-13T04:03:34.902Z - info: ::1
2018-03-13T04:03:44.208Z - info: auth_checker: req: [object Object]
2018-03-13T04:03:44.300Z - info: ::1
2018-03-13T04:04:06.846Z - info: auth_checker: req: [object Object]
2018-03-13T04:04:06.941Z - info: ::1
2018-03-13T04:04:52.563Z - info: auth_checker: req: [object Object]
2018-03-13T04:04:52.662Z - info: ::1
2018-03-13T04:07:24.162Z - info: auth_checker: req: [object Object]
2018-03-13T04:07:24.252Z - info: ::1
2018-03-13T04:07:52.334Z - info: auth_checker: req: [object Object]
2018-03-13T04:07:52.428Z - info: ::1
2018-03-13T04:07:57.542Z - info: auth_checker: req: [object Object]
2018-03-13T04:07:57.653Z - info: ::1
2018-03-13T04:08:01.745Z - info: auth_checker: req: [object Object]
2018-03-13T04:08:01.838Z - info: ::1
2018-03-13T04:15:13.487Z - info: auth_checker: req: [object Object]
2018-03-13T04:15:13.587Z - info: ::1
2018-03-13T04:15:18.340Z - info: auth_checker: req: [object Object]
2018-03-13T04:15:18.436Z - info: ::1
2018-03-13T04:16:29.607Z - info: auth_checker: req: [object Object]
2018-03-13T04:16:29.700Z - info: ::1
2018-03-13T04:16:34.135Z - info: auth_checker: req: [object Object]
2018-03-13T04:16:34.228Z - info: ::1
2018-03-13T04:17:43.914Z - info: auth_checker: req: [object Object]
2018-03-13T04:17:44.007Z - info: ::1
2018-03-13T04:17:49.235Z - info: auth_checker: req: [object Object]
2018-03-13T04:17:49.327Z - info: ::1
2018-03-13T04:17:51.983Z - info: auth_checker: req: [object Object]
2018-03-13T04:17:52.078Z - info: ::1
2018-03-13T04:18:06.588Z - info: auth_checker: req: [object Object]
2018-03-13T04:18:06.692Z - info: ::1
2018-03-13T04:18:06.728Z - info: auth_checker: req: [object Object]
2018-03-13T04:18:06.821Z - info: ::1
2018-03-13T04:18:06.865Z - info: auth_checker: req: [object Object]
2018-03-13T04:18:06.975Z - info: ::1
2018-03-13T04:18:09.239Z - info: auth_checker: req: [object Object]
2018-03-13T04:18:09.246Z - info: auth_checker: req: [object Object]
2018-03-13T04:18:09.329Z - info: ::1
2018-03-13T04:18:09.355Z - info: auth_checker: req: [object Object]
2018-03-13T04:18:09.369Z - info: ::1
2018-03-13T04:18:09.475Z - info: ::1
2018-03-13T04:18:11.306Z - info: auth_checker: req: [object Object]
2018-03-13T04:18:11.335Z - info: auth_checker: req: [object Object]
2018-03-13T04:18:11.403Z - info: ::1
2018-03-13T04:18:11.429Z - info: ::1
2018-03-13T04:18:11.444Z - info: auth_checker: req: [object Object]
2018-03-13T04:18:11.538Z - info: ::1
2018-03-13T06:47:07.916Z - info: auth_checker: req: [object Object]
2018-03-13T06:47:08.005Z - info: ::1
2018-03-13T06:47:53.889Z - info: auth_checker: req: [object Object]
2018-03-13T06:47:53.980Z - info: ::1
2018-03-13T06:48:01.774Z - info: auth_checker: req: [object Object]
2018-03-13T06:48:01.866Z - info: ::1
2018-03-13T06:48:01.884Z - info: auth_checker: req: [object Object]
2018-03-13T06:48:01.973Z - info: ::1
2018-03-13T06:48:03.797Z - info: auth_checker: req: [object Object]
2018-03-13T06:48:03.924Z - info: ::1
2018-03-13T06:48:03.951Z - info: auth_checker: req: [object Object]
2018-03-13T06:48:04.044Z - info: ::1
2018-03-13T06:48:12.896Z - info: auth_checker: req: [object Object]
2018-03-13T06:48:12.979Z - info: ::1
2018-03-13T06:48:13.011Z - info: auth_checker: req: [object Object]
2018-03-13T06:48:13.099Z - info: ::1
2018-03-13T06:48:19.158Z - info: auth_checker: req: [object Object]
2018-03-13T06:48:19.244Z - info: ::1
2018-03-13T06:48:19.259Z - info: auth_checker: req: [object Object]
2018-03-13T06:48:19.342Z - info: ::1
2018-03-13T06:48:20.028Z - info: auth_checker: req: [object Object]
2018-03-13T06:48:20.117Z - info: ::1
2018-03-13T06:48:20.132Z - info: auth_checker: req: [object Object]
2018-03-13T06:48:20.304Z - info: ::1
2018-03-13T06:48:34.162Z - info: auth_checker: req: [object Object]
2018-03-13T06:48:34.251Z - info: ::1
2018-03-13T06:48:34.278Z - info: auth_checker: req: [object Object]
2018-03-13T06:48:34.371Z - info: ::1
2018-03-13T06:48:36.061Z - info: auth_checker: req: [object Object]
2018-03-13T06:48:36.144Z - info: ::1
2018-03-13T06:48:36.161Z - info: auth_checker: req: [object Object]
2018-03-13T06:48:36.248Z - info: ::1
2018-03-13T06:48:47.039Z - info: auth_checker: req: [object Object]
2018-03-13T06:48:47.145Z - info: ::1
2018-03-13T06:48:47.162Z - info: auth_checker: req: [object Object]
2018-03-13T06:48:47.251Z - info: ::1
2018-03-13T06:51:01.665Z - info: auth_checker: req: [object Object]
2018-03-13T06:51:01.748Z - info: ::1
2018-03-13T06:51:27.316Z - info: auth_checker: req: [object Object]
2018-03-13T06:51:27.404Z - info: ::1
2018-03-13T06:51:38.280Z - info: auth_checker: req: [object Object]
2018-03-13T06:51:38.364Z - info: ::1
2018-03-13T06:52:34.169Z - info: auth_checker: req: [object Object]
2018-03-13T06:52:34.256Z - info: ::1
2018-03-13T06:53:37.536Z - info: auth_checker: req: [object Object]
2018-03-13T06:53:37.617Z - info: ::1
2018-03-13T07:21:59.173Z - info: auth_checker: req: [object Object]
2018-03-13T07:21:59.280Z - info: ::1
2018-03-13T07:22:10.992Z - info: auth_checker: req: [object Object]
2018-03-13T07:22:11.074Z - info: ::1
2018-03-13T18:34:53.387Z - info: auth_checker: req: [object Object]
2018-03-13T18:34:53.477Z - info: ::1
2018-03-13T18:35:01.004Z - info: auth_checker: req: [object Object]
2018-03-13T18:35:01.074Z - info: ::1
2018-03-13T18:35:12.868Z - info: auth_checker: req: [object Object]
2018-03-13T18:35:12.941Z - info: ::1
2018-03-13T18:35:15.622Z - info: auth_checker: req: [object Object]
2018-03-13T18:35:15.693Z - info: ::1
2018-03-13T18:35:18.323Z - info: auth_checker: req: [object Object]
2018-03-13T18:35:18.399Z - info: ::1
2018-03-13T18:36:05.437Z - info: auth_checker: req: [object Object]
2018-03-13T18:36:05.514Z - info: ::1
2018-03-13T18:36:25.483Z - info: auth_checker: req: [object Object]
2018-03-13T18:36:25.570Z - info: ::1
2018-03-13T18:37:40.925Z - info: auth_checker: req: [object Object]
2018-03-13T18:37:41.002Z - info: ::1
2018-03-13T18:37:53.082Z - info: auth_checker: req: [object Object]
2018-03-13T18:37:53.155Z - info: ::1
2018-03-13T18:38:20.522Z - info: auth_checker: req: [object Object]
2018-03-13T18:38:20.592Z - info: ::1
2018-03-13T18:38:25.791Z - info: auth_checker: req: [object Object]
2018-03-13T18:38:25.872Z - info: ::1
2018-03-13T18:38:31.829Z - info: auth_checker: req: [object Object]
2018-03-13T18:38:31.897Z - info: ::1
2018-03-13T18:39:23.924Z - info: auth_checker: req: [object Object]
2018-03-13T18:39:24.012Z - info: ::1
2018-03-13T18:39:27.612Z - info: auth_checker: req: [object Object]
2018-03-13T18:39:27.686Z - info: ::1
2018-03-13T18:39:32.415Z - info: auth_checker: req: [object Object]
2018-03-13T18:39:32.486Z - info: ::1
2018-03-13T18:39:37.522Z - info: auth_checker: req: [object Object]
2018-03-13T18:39:37.595Z - info: ::1
2018-03-13T18:41:06.124Z - info: auth_checker: req: [object Object]
2018-03-13T18:41:06.222Z - info: ::1
2018-03-13T18:41:27.406Z - info: auth_checker: req: [object Object]
2018-03-13T18:41:27.496Z - info: ::1
2018-03-13T18:41:36.242Z - info: auth_checker: req: [object Object]
2018-03-13T18:41:36.319Z - info: ::1
2018-03-13T18:41:42.064Z - info: auth_checker: req: [object Object]
2018-03-13T18:41:43.069Z - info: ::1
2018-03-13T18:41:44.461Z - info: auth_checker: req: [object Object]
2018-03-13T18:41:44.537Z - info: ::1
2018-03-13T18:41:47.918Z - info: auth_checker: req: [object Object]
2018-03-13T18:41:47.992Z - info: ::1
2018-03-13T18:41:53.850Z - info: auth_checker: req: [object Object]
2018-03-13T18:41:53.933Z - info: ::1
2018-03-13T18:42:03.174Z - info: auth_checker: req: [object Object]
2018-03-13T18:42:03.250Z - info: ::1
2018-03-13T18:42:41.229Z - info: auth_checker: req: [object Object]
2018-03-13T18:42:41.299Z - info: ::1
2018-03-13T18:42:44.495Z - info: auth_checker: req: [object Object]
2018-03-13T18:42:44.571Z - info: ::1
2018-03-13T18:42:47.156Z - info: auth_checker: req: [object Object]
2018-03-13T18:42:47.240Z - info: ::1
2018-03-13T18:42:51.936Z - info: auth_checker: req: [object Object]
2018-03-13T18:42:52.029Z - info: ::1
2018-03-13T18:42:58.208Z - info: auth_checker: req: [object Object]
2018-03-13T18:42:58.300Z - info: ::1
2018-03-13T18:43:03.127Z - info: auth_checker: req: [object Object]
2018-03-13T18:43:03.205Z - info: ::1
2018-03-13T18:43:08.085Z - info: auth_checker: req: [object Object]
2018-03-13T18:43:08.191Z - info: ::1
2018-03-13T18:43:08.610Z - info: auth_checker: req: [object Object]
2018-03-13T18:43:08.691Z - info: ::1
2018-03-13T18:43:09.019Z - info: auth_checker: req: [object Object]
2018-03-13T18:43:09.095Z - info: ::1
2018-03-13T18:43:09.130Z - info: auth_checker: req: [object Object]
2018-03-13T18:43:09.199Z - info: ::1
2018-03-13T18:43:16.356Z - info: auth_checker: req: [object Object]
2018-03-13T18:43:16.434Z - info: ::1
2018-03-13T18:43:16.902Z - info: auth_checker: req: [object Object]
2018-03-13T18:43:16.979Z - info: ::1
2018-03-13T18:43:17.960Z - info: auth_checker: req: [object Object]
2018-03-13T18:43:18.041Z - info: ::1
2018-03-13T18:45:29.195Z - info: auth_checker: req: [object Object]
2018-03-13T18:45:29.366Z - info: ::1
2018-03-13T18:45:33.363Z - info: auth_checker: req: [object Object]
2018-03-13T18:45:33.432Z - info: ::1
2018-03-13T18:45:35.149Z - info: auth_checker: req: [object Object]
2018-03-13T18:45:35.219Z - info: ::1
2018-03-13T18:45:36.931Z - info: auth_checker: req: [object Object]
2018-03-13T18:45:37.119Z - info: ::1
2018-03-13T18:45:37.137Z - info: auth_checker: req: [object Object]
2018-03-13T18:45:37.618Z - info: ::1
2018-03-13T18:45:39.089Z - info: auth_checker: req: [object Object]
2018-03-13T18:45:39.170Z - info: ::1
2018-03-13T18:45:40.571Z - info: auth_checker: req: [object Object]
2018-03-13T18:45:40.647Z - info: ::1
2018-03-13T18:45:41.820Z - info: auth_checker: req: [object Object]
2018-03-13T18:45:41.892Z - info: ::1
2018-03-13T18:45:42.937Z - info: auth_checker: req: [object Object]
2018-03-13T18:45:43.008Z - info: ::1
2018-03-13T18:45:45.055Z - info: auth_checker: req: [object Object]
2018-03-13T18:45:45.204Z - info: ::1
2018-03-13T18:45:46.907Z - info: auth_checker: req: [object Object]
2018-03-13T18:45:46.980Z - info: ::1
2018-03-13T18:45:48.933Z - info: auth_checker: req: [object Object]
2018-03-13T18:45:49.012Z - info: ::1
2018-03-13T18:45:50.501Z - info: auth_checker: req: [object Object]
2018-03-13T18:45:50.579Z - info: ::1
2018-03-13T18:45:51.568Z - info: auth_checker: req: [object Object]
2018-03-13T18:45:51.639Z - info: ::1
2018-03-13T18:47:17.668Z - info: auth_checker: req: [object Object]
2018-03-13T18:47:17.737Z - info: ::1
2018-03-13T18:47:21.466Z - info: auth_checker: req: [object Object]
2018-03-13T18:47:21.537Z - info: ::1
2018-03-13T18:47:22.604Z - info: auth_checker: req: [object Object]
2018-03-13T18:47:22.674Z - info: ::1
2018-03-13T18:47:22.967Z - info: auth_checker: req: [object Object]
2018-03-13T18:47:23.041Z - info: ::1
2018-03-13T18:47:27.252Z - info: auth_checker: req: [object Object]
2018-03-13T18:47:27.321Z - info: ::1
2018-03-13T18:47:29.815Z - info: auth_checker: req: [object Object]
2018-03-13T18:47:29.886Z - info: ::1
2018-03-13T18:47:31.965Z - info: auth_checker: req: [object Object]
2018-03-13T18:47:32.038Z - info: ::1
2018-03-13T18:47:33.420Z - info: auth_checker: req: [object Object]
2018-03-13T18:47:33.508Z - info: ::1
2018-03-13T18:47:35.136Z - info: auth_checker: req: [object Object]
2018-03-13T18:47:35.207Z - info: ::1
2018-03-13T18:47:36.082Z - info: auth_checker: req: [object Object]
2018-03-13T18:47:36.154Z - info: ::1
2018-03-13T18:47:37.455Z - info: auth_checker: req: [object Object]
2018-03-13T18:47:37.526Z - info: ::1
2018-03-13T18:47:38.682Z - info: auth_checker: req: [object Object]
2018-03-13T18:47:38.770Z - info: ::1
2018-03-13T18:47:42.850Z - info: auth_checker: req: [object Object]
2018-03-13T18:47:42.919Z - info: ::1
2018-03-13T18:48:06.882Z - info: auth_checker: req: [object Object]
2018-03-13T18:48:06.985Z - info: ::1
2018-03-13T18:48:37.965Z - info: auth_checker: req: [object Object]
2018-03-13T18:48:38.064Z - info: ::1
2018-03-13T18:49:00.153Z - info: auth_checker: req: [object Object]
2018-03-13T18:49:00.225Z - info: ::1
2018-03-13T18:49:08.106Z - info: auth_checker: req: [object Object]
2018-03-13T18:49:08.177Z - info: ::1
2018-03-13T18:50:15.603Z - info: auth_checker: req: [object Object]
2018-03-13T18:50:15.672Z - info: ::1
2018-03-13T18:50:58.249Z - info: auth_checker: req: [object Object]
2018-03-13T18:50:58.319Z - info: ::1
2018-03-13T18:53:46.387Z - info: auth_checker: req: [object Object]
2018-03-13T18:53:46.461Z - info: ::1
2018-03-13T18:54:18.746Z - info: auth_checker: req: [object Object]
2018-03-13T18:54:18.819Z - info: ::1
2018-03-13T18:54:24.697Z - info: auth_checker: req: [object Object]
2018-03-13T18:54:24.785Z - info: ::1
2018-03-13T18:55:40.602Z - info: auth_checker: req: [object Object]
2018-03-13T18:55:40.671Z - info: ::1
2018-03-13T18:55:51.039Z - info: auth_checker: req: [object Object]
2018-03-13T18:55:51.109Z - info: ::1
2018-03-13T18:56:49.926Z - info: auth_checker: req: [object Object]
2018-03-13T18:56:49.998Z - info: ::1
2018-03-13T18:57:02.865Z - info: auth_checker: req: [object Object]
2018-03-13T18:57:02.936Z - info: ::1
2018-03-13T18:57:11.070Z - info: auth_checker: req: [object Object]
2018-03-13T18:57:11.144Z - info: ::1
2018-03-13T18:58:04.628Z - info: auth_checker: req: [object Object]
2018-03-13T18:58:04.699Z - info: ::1
2018-03-13T18:58:16.322Z - info: auth_checker: req: [object Object]
2018-03-13T18:58:16.399Z - info: ::1
2018-03-13T19:00:06.282Z - info: auth_checker: req: [object Object]
2018-03-13T19:00:06.351Z - info: ::1
2018-03-13T19:00:13.370Z - info: auth_checker: req: [object Object]
2018-03-13T19:00:13.443Z - info: ::1
2018-03-13T19:00:15.532Z - info: auth_checker: req: [object Object]
2018-03-13T19:00:15.604Z - info: ::1
2018-03-13T19:04:27.719Z - info: auth_checker: req: [object Object]
2018-03-13T19:04:27.790Z - info: ::1
2018-03-13T19:04:28.579Z - info: auth_checker: req: [object Object]
2018-03-13T19:04:28.653Z - info: ::1
2018-03-13T19:05:27.843Z - info: auth_checker: req: [object Object]
2018-03-13T19:05:27.916Z - info: ::1
2018-03-13T19:08:17.882Z - info: auth_checker: req: [object Object]
2018-03-13T19:08:18.004Z - info: ::1
2018-03-13T19:08:38.729Z - info: auth_checker: req: [object Object]
2018-03-13T19:08:38.804Z - info: Logging news click from xxx@qq.com
2018-03-13T19:08:42.907Z - info: auth_checker: req: [object Object]
2018-03-13T19:08:43.078Z - info: ::1
2018-03-13T19:08:43.818Z - info: auth_checker: req: [object Object]
2018-03-13T19:08:43.889Z - info: ::1
2018-03-13T19:08:44.483Z - info: auth_checker: req: [object Object]
2018-03-13T19:08:44.553Z - info: ::1
2018-03-13T19:08:45.170Z - info: auth_checker: req: [object Object]
2018-03-13T19:08:45.250Z - info: ::1
2018-03-13T19:08:45.964Z - info: auth_checker: req: [object Object]
2018-03-13T19:08:46.036Z - info: ::1
2018-03-13T19:08:46.655Z - info: auth_checker: req: [object Object]
2018-03-13T19:08:46.730Z - info: ::1
2018-03-13T19:08:47.471Z - info: auth_checker: req: [object Object]
2018-03-13T19:08:47.543Z - info: ::1
2018-03-13T19:08:47.930Z - info: auth_checker: req: [object Object]
2018-03-13T19:08:47.999Z - info: ::1
2018-03-13T19:08:48.988Z - info: auth_checker: req: [object Object]
2018-03-13T19:08:49.058Z - info: ::1
2018-03-13T19:08:49.696Z - info: auth_checker: req: [object Object]
2018-03-13T19:08:49.773Z - info: ::1
2018-03-13T19:08:50.164Z - info: auth_checker: req: [object Object]
2018-03-13T19:08:50.235Z - info: ::1
2018-03-13T19:09:16.519Z - info: auth_checker: req: [object Object]
2018-03-13T19:09:16.602Z - info: ::1
2018-03-13T19:09:18.166Z - info: auth_checker: req: [object Object]
2018-03-13T19:09:18.198Z - info: auth_checker: req: [object Object]
2018-03-13T19:09:18.241Z - info: ::1
2018-03-13T19:09:18.270Z - info: ::1
2018-03-13T19:09:18.599Z - info: auth_checker: req: [object Object]
2018-03-13T19:09:18.626Z - info: auth_checker: req: [object Object]
2018-03-13T19:09:18.675Z - info: ::1
2018-03-13T19:09:18.701Z - info: ::1
2018-03-13T19:09:19.450Z - info: auth_checker: req: [object Object]
2018-03-13T19:09:19.487Z - info: auth_checker: req: [object Object]
2018-03-13T19:09:19.521Z - info: ::1
2018-03-13T19:09:19.557Z - info: ::1
2018-03-13T19:10:38.740Z - info: auth_checker: req: [object Object]
2018-03-13T19:10:38.816Z - info: Logging news click from xxx@qq.com
2018-03-13T19:14:09.923Z - info: auth_checker: req: [object Object]
2018-03-13T19:14:09.925Z - info: auth_checker: req: [object Object]
2018-03-13T19:14:10.000Z - info: ::1
2018-03-13T19:14:10.557Z - info: auth_checker: req: [object Object]
2018-03-13T19:14:10.827Z - info: ::1
2018-03-13T19:14:10.829Z - info: ::1
2018-03-13T19:14:10.847Z - info: auth_checker: req: [object Object]
2018-03-13T19:14:10.921Z - info: ::1
2018-03-13T19:14:17.338Z - info: auth_checker: req: [object Object]
2018-03-13T19:14:17.339Z - info: auth_checker: req: [object Object]
2018-03-13T19:14:17.415Z - info: ::1
2018-03-13T19:14:17.416Z - info: ::1
2018-03-13T19:15:05.527Z - info: auth_checker: req: [object Object]
2018-03-13T19:15:05.608Z - info: ::1
2018-03-13T19:15:14.323Z - info: auth_checker: req: [object Object]
2018-03-13T19:15:14.324Z - info: auth_checker: req: [object Object]
2018-03-13T19:15:14.337Z - info: auth_checker: req: [object Object]
2018-03-13T19:15:14.399Z - info: ::1
2018-03-13T19:15:14.405Z - info: ::1
2018-03-13T19:15:14.757Z - info: ::1
2018-03-13T19:15:16.309Z - info: auth_checker: req: [object Object]
2018-03-13T19:15:16.311Z - info: auth_checker: req: [object Object]
2018-03-13T19:15:16.317Z - info: auth_checker: req: [object Object]
2018-03-13T19:15:16.386Z - info: ::1
2018-03-13T19:15:16.388Z - info: ::1
2018-03-13T19:15:16.390Z - info: ::1
2018-03-13T19:15:16.500Z - info: auth_checker: req: [object Object]
2018-03-13T19:15:16.504Z - info: auth_checker: req: [object Object]
2018-03-13T19:15:16.522Z - info: auth_checker: req: [object Object]
2018-03-13T19:15:16.574Z - info: ::1
2018-03-13T19:15:16.581Z - info: ::1
2018-03-13T19:15:16.601Z - info: ::1
2018-03-13T19:15:17.774Z - info: auth_checker: req: [object Object]
2018-03-13T19:15:17.774Z - info: auth_checker: req: [object Object]
2018-03-13T19:15:17.846Z - info: ::1
2018-03-13T19:15:17.855Z - info: ::1
2018-03-13T19:15:17.873Z - info: auth_checker: req: [object Object]
2018-03-13T19:15:17.964Z - info: ::1
2018-03-13T19:15:19.341Z - info: auth_checker: req: [object Object]
2018-03-13T19:15:19.342Z - info: auth_checker: req: [object Object]
2018-03-13T19:15:19.380Z - info: auth_checker: req: [object Object]
2018-03-13T19:15:19.425Z - info: ::1
2018-03-13T19:15:19.426Z - info: ::1
2018-03-13T19:15:19.455Z - info: ::1
2018-03-13T19:15:31.395Z - info: auth_checker: req: [object Object]
2018-03-13T19:15:31.398Z - info: auth_checker: req: [object Object]
2018-03-13T19:15:31.435Z - info: auth_checker: req: [object Object]
2018-03-13T19:15:31.468Z - info: ::1
2018-03-13T19:15:31.476Z - info: ::1
2018-03-13T19:15:31.506Z - info: ::1
2018-03-13T19:15:31.994Z - info: auth_checker: req: [object Object]
2018-03-13T19:15:31.995Z - info: auth_checker: req: [object Object]
2018-03-13T19:15:32.030Z - info: auth_checker: req: [object Object]
2018-03-13T19:15:32.065Z - info: ::1
2018-03-13T19:15:32.070Z - info: ::1
2018-03-13T19:15:32.100Z - info: ::1
2018-03-13T19:15:32.768Z - info: auth_checker: req: [object Object]
2018-03-13T19:15:32.769Z - info: auth_checker: req: [object Object]
2018-03-13T19:15:32.849Z - info: ::1
2018-03-13T19:15:32.851Z - info: ::1
2018-03-13T19:15:32.863Z - info: auth_checker: req: [object Object]
2018-03-13T19:15:32.974Z - info: ::1
2018-03-13T19:15:33.659Z - info: auth_checker: req: [object Object]
2018-03-13T19:15:33.660Z - info: auth_checker: req: [object Object]
2018-03-13T19:15:33.732Z - info: ::1
2018-03-13T19:15:33.734Z - info: ::1
2018-03-13T19:15:35.399Z - info: auth_checker: req: [object Object]
2018-03-13T19:15:35.480Z - info: ::1
2018-03-13T19:18:05.303Z - info: auth_checker: req: [object Object]
2018-03-13T19:18:05.376Z - info: Logging news click from xxx@qq.com
2018-03-13T19:19:27.526Z - info: auth_checker: req: [object Object]
2018-03-13T19:19:27.601Z - info: ::1
2018-03-13T19:19:44.656Z - info: auth_checker: req: [object Object]
2018-03-13T19:19:44.763Z - info: ::1
2018-03-13T19:19:57.737Z - info: auth_checker: req: [object Object]
2018-03-13T19:19:57.823Z - info: ::1
2018-03-13T19:31:27.535Z - info: auth_checker: req: [object Object]
2018-03-13T19:31:27.612Z - info: ::1
2018-03-13T19:31:53.143Z - info: auth_checker: req: [object Object]
2018-03-13T19:31:53.217Z - info: ::1
2018-03-13T19:35:02.076Z - info: auth_checker: req: [object Object]
2018-03-13T19:35:02.149Z - info: ::1
2018-03-13T19:37:34.597Z - info: auth_checker: req: [object Object]
2018-03-13T19:37:34.696Z - info: ::1
2018-03-13T19:37:42.314Z - info: auth_checker: req: [object Object]
2018-03-13T19:37:42.391Z - info: ::1
2018-03-13T19:40:18.957Z - info: auth_checker: req: [object Object]
2018-03-13T19:40:19.027Z - info: ::1
2018-03-13T19:40:27.548Z - info: auth_checker: req: [object Object]
2018-03-13T19:40:27.617Z - info: ::1
2018-03-13T19:40:42.985Z - info: auth_checker: req: [object Object]
2018-03-13T19:40:43.061Z - info: ::1
2018-03-13T19:41:00.740Z - info: auth_checker: req: [object Object]
2018-03-13T19:41:00.815Z - info: ::1
2018-03-13T19:41:39.661Z - info: auth_checker: req: [object Object]
2018-03-13T19:41:39.731Z - info: ::1
2018-03-13T19:42:37.917Z - info: auth_checker: req: [object Object]
2018-03-13T19:42:38.234Z - info: ::1
2018-03-13T19:43:45.217Z - info: auth_checker: req: [object Object]
2018-03-13T19:43:45.290Z - info: ::1
2018-03-13T19:43:50.615Z - info: auth_checker: req: [object Object]
2018-03-13T19:43:50.692Z - info: ::1
2018-03-13T19:43:50.945Z - info: auth_checker: req: [object Object]
2018-03-13T19:43:51.017Z - info: ::1
2018-03-13T19:44:16.355Z - info: auth_checker: req: [object Object]
2018-03-13T19:44:16.429Z - info: ::1
2018-03-13T19:44:36.569Z - info: auth_checker: req: [object Object]
2018-03-13T19:44:36.661Z - info: ::1
2018-03-13T19:45:34.414Z - info: auth_checker: req: [object Object]
2018-03-13T19:45:34.590Z - info: ::1
2018-03-13T19:45:39.855Z - info: auth_checker: req: [object Object]
2018-03-13T19:45:39.928Z - info: ::1
2018-03-13T19:47:08.134Z - info: auth_checker: req: [object Object]
2018-03-13T19:47:08.209Z - info: ::1
2018-03-13T19:47:09.690Z - info: auth_checker: req: [object Object]
2018-03-13T19:47:09.765Z - info: ::1
2018-03-13T19:47:12.227Z - info: auth_checker: req: [object Object]
2018-03-13T19:47:12.478Z - info: ::1
2018-03-13T19:47:21.161Z - info: auth_checker: req: [object Object]
2018-03-13T19:47:21.233Z - info: ::1
2018-03-13T19:47:25.716Z - info: auth_checker: req: [object Object]
2018-03-13T19:47:25.785Z - info: ::1
2018-03-13T19:47:34.770Z - info: auth_checker: req: [object Object]
2018-03-13T19:47:34.863Z - info: ::1
2018-03-13T19:47:36.106Z - info: auth_checker: req: [object Object]
2018-03-13T19:47:36.210Z - info: ::1
2018-03-13T19:47:37.195Z - info: auth_checker: req: [object Object]
2018-03-13T19:47:37.265Z - info: ::1
2018-03-13T19:47:39.885Z - info: auth_checker: req: [object Object]
2018-03-13T19:47:39.959Z - info: ::1
2018-03-13T19:47:40.606Z - info: auth_checker: req: [object Object]
2018-03-13T19:47:40.682Z - info: ::1
2018-03-13T19:47:41.509Z - info: auth_checker: req: [object Object]
2018-03-13T19:47:41.579Z - info: ::1
2018-03-13T19:47:45.062Z - info: auth_checker: req: [object Object]
2018-03-13T19:47:45.145Z - info: ::1
2018-03-13T19:47:46.323Z - info: auth_checker: req: [object Object]
2018-03-13T19:47:46.395Z - info: ::1
2018-03-13T19:47:49.642Z - info: auth_checker: req: [object Object]
2018-03-13T19:47:49.711Z - info: ::1
2018-03-13T19:48:30.152Z - info: auth_checker: req: [object Object]
2018-03-13T19:48:30.222Z - info: ::1
2018-03-13T19:48:38.989Z - info: auth_checker: req: [object Object]
2018-03-13T19:48:39.059Z - info: ::1
2018-03-13T19:49:35.754Z - info: auth_checker: req: [object Object]
2018-03-13T19:49:35.824Z - info: ::1
2018-03-13T19:49:41.401Z - info: auth_checker: req: [object Object]
2018-03-13T19:49:41.476Z - info: ::1
2018-03-13T19:49:46.166Z - info: auth_checker: req: [object Object]
2018-03-13T19:49:46.235Z - info: ::1
2018-03-13T19:49:46.251Z - info: auth_checker: req: [object Object]
2018-03-13T19:49:46.320Z - info: ::1
2018-03-13T19:49:47.665Z - info: auth_checker: req: [object Object]
2018-03-13T19:49:47.706Z - info: auth_checker: req: [object Object]
2018-03-13T19:49:47.736Z - info: ::1
2018-03-13T19:49:47.774Z - info: ::1
2018-03-13T19:49:55.502Z - info: auth_checker: req: [object Object]
2018-03-13T19:49:55.531Z - info: auth_checker: req: [object Object]
2018-03-13T19:49:55.577Z - info: ::1
2018-03-13T19:49:55.602Z - info: ::1
2018-03-13T19:49:56.188Z - info: auth_checker: req: [object Object]
2018-03-13T19:49:56.221Z - info: auth_checker: req: [object Object]
2018-03-13T19:49:56.269Z - info: ::1
2018-03-13T19:49:56.294Z - info: ::1
2018-03-13T19:49:56.925Z - info: auth_checker: req: [object Object]
2018-03-13T19:49:56.959Z - info: auth_checker: req: [object Object]
2018-03-13T19:49:56.996Z - info: ::1
2018-03-13T19:49:57.242Z - info: ::1
2018-03-13T19:49:57.422Z - info: auth_checker: req: [object Object]
2018-03-13T19:49:57.426Z - info: auth_checker: req: [object Object]
2018-03-13T19:49:57.491Z - info: ::1
2018-03-13T19:49:58.012Z - info: ::1
2018-03-13T19:49:59.112Z - info: auth_checker: req: [object Object]
2018-03-13T19:49:59.187Z - info: ::1
2018-03-13T19:49:59.190Z - info: auth_checker: req: [object Object]
2018-03-13T19:49:59.282Z - info: ::1
2018-03-13T19:49:59.879Z - info: auth_checker: req: [object Object]
2018-03-13T19:49:59.936Z - info: auth_checker: req: [object Object]
2018-03-13T19:49:59.956Z - info: ::1
2018-03-13T19:50:00.005Z - info: ::1
2018-03-13T19:50:01.334Z - info: auth_checker: req: [object Object]
2018-03-13T19:50:01.407Z - info: ::1
2018-03-13T19:50:01.511Z - info: auth_checker: req: [object Object]
2018-03-13T19:50:01.566Z - info: auth_checker: req: [object Object]
2018-03-13T19:50:01.579Z - info: ::1
2018-03-13T19:50:01.638Z - info: ::1
2018-03-13T19:50:08.236Z - info: auth_checker: req: [object Object]
2018-03-13T19:50:08.260Z - info: auth_checker: req: [object Object]
2018-03-13T19:50:08.305Z - info: ::1
2018-03-13T19:50:08.339Z - info: ::1
2018-03-13T19:50:14.708Z - info: auth_checker: req: [object Object]
2018-03-13T19:50:14.754Z - info: auth_checker: req: [object Object]
2018-03-13T19:50:14.963Z - info: ::1
2018-03-13T19:50:14.964Z - info: ::1
2018-03-13T19:50:17.840Z - info: auth_checker: req: [object Object]
2018-03-13T19:50:17.896Z - info: auth_checker: req: [object Object]
2018-03-13T19:50:17.909Z - info: ::1
2018-03-13T19:50:17.967Z - info: ::1
2018-03-13T19:50:18.837Z - info: auth_checker: req: [object Object]
2018-03-13T19:50:18.905Z - info: auth_checker: req: [object Object]
2018-03-13T19:50:18.912Z - info: ::1
2018-03-13T19:50:18.980Z - info: ::1
2018-03-13T19:50:39.883Z - info: auth_checker: req: [object Object]
2018-03-13T19:50:39.927Z - info: auth_checker: req: [object Object]
2018-03-13T19:50:39.959Z - info: ::1
2018-03-13T19:50:40.044Z - info: ::1
2018-03-13T19:50:46.600Z - info: auth_checker: req: [object Object]
2018-03-13T19:50:46.640Z - info: auth_checker: req: [object Object]
2018-03-13T19:50:46.681Z - info: ::1
2018-03-13T19:50:46.709Z - info: ::1
2018-03-13T19:50:48.845Z - info: auth_checker: req: [object Object]
2018-03-13T19:50:48.856Z - info: auth_checker: req: [object Object]
2018-03-13T19:50:48.915Z - info: ::1
2018-03-13T19:50:48.929Z - info: ::1
2018-03-13T19:50:52.649Z - info: auth_checker: req: [object Object]
2018-03-13T19:50:52.717Z - info: ::1
2018-03-13T19:50:52.737Z - info: auth_checker: req: [object Object]
2018-03-13T19:50:52.810Z - info: ::1
2018-03-13T19:50:53.236Z - info: auth_checker: req: [object Object]
2018-03-13T19:50:53.345Z - info: auth_checker: req: [object Object]
2018-03-13T19:50:53.419Z - info: ::1
2018-03-13T19:50:53.482Z - info: ::1
2018-03-13T19:53:47.035Z - info: auth_checker: req: [object Object]
2018-03-13T19:53:47.069Z - info: auth_checker: req: [object Object]
2018-03-13T19:53:47.171Z - info: ::1
2018-03-13T19:53:47.172Z - info: ::1
2018-03-13T19:53:52.546Z - info: auth_checker: req: [object Object]
2018-03-13T19:53:52.548Z - info: auth_checker: req: [object Object]
2018-03-13T19:53:52.618Z - info: ::1
2018-03-13T19:53:52.619Z - info: ::1
2018-03-13T19:54:05.824Z - info: auth_checker: req: [object Object]
2018-03-13T19:54:05.892Z - info: ::1
2018-03-13T19:54:09.445Z - info: auth_checker: req: [object Object]
2018-03-13T19:54:09.516Z - info: ::1
